Picked up JAVA_TOOL_OPTIONS: -agentlib:TakipiAgent
Picked up JAVA_TOOL_OPTIONS: -agentlib:TakipiAgent
Picked up JAVA_TOOL_OPTIONS: -agentlib:TakipiAgent
Picked up JAVA_TOOL_OPTIONS: -agentlib:TakipiAgent
Picked up JAVA_TOOL_OPTIONS: -agentlib:TakipiAgent
Picked up JAVA_TOOL_OPTIONS: -agentlib:TakipiAgent
Picked up JAVA_TOOL_OPTIONS: -agentlib:TakipiAgent
Picked up JAVA_TOOL_OPTIONS: -agentlib:TakipiAgent
Picked up JAVA_TOOL_OPTIONS: -agentlib:TakipiAgent
Picked up JAVA_TOOL_OPTIONS: -agentlib:TakipiAgentPicked up JAVA_TOOL_OPTIONS: -agentlib:TakipiAgent

Picked up JAVA_TOOL_OPTIONS: -agentlib:TakipiAgent
Picked up JAVA_TOOL_OPTIONS: -agentlib:TakipiAgentPicked up JAVA_TOOL_OPTIONS: -agentlib:TakipiAgent

Picked up JAVA_TOOL_OPTIONS: -agentlib:TakipiAgent
Picked up JAVA_TOOL_OPTIONS: -agentlib:TakipiAgent
Picked up JAVA_TOOL_OPTIONS: -agentlib:TakipiAgentPicked up JAVA_TOOL_OPTIONS: -agentlib:TakipiAgent

Picked up JAVA_TOOL_OPTIONS: -agentlib:TakipiAgent
Picked up JAVA_TOOL_OPTIONS: -agentlib:TakipiAgent
java.lang.IllegalStateException: Time for exception, context is counter = 101
	at generated.czvpg.qza.omunq.uenf.wjzsl.ClsJcqpybb.metIkfqmgp(ClsJcqpybb.java:3308)
	at generated.jegbf.crwbk.nmh.pssas.ClsGkdgra.metFlewa(ClsGkdgra.java:1311)
	at generated.fjbx.fkj.wubzt.lvn.utz.ClsFghgxys.metQdiwu(ClsFghgxys.java:1095)
	at generated.glpf.ojj.rktbs.qycmj.ClsHyiomwn.metXetren(ClsHyiomwn.java:516)
	at generated.zvwbf.fams.sbj.raeuv.qkjzh.ClsNhjruu.metKnyfkh(ClsNhjruu.java:586)
	at generated.pvf.ffnj.sgx.ClsCkadr.metOffllft(ClsCkadr.java:3372)
	at generated.jqf.lbh.fxnw.umqql.zrqub.ClsKnimfzy.metDcfsbh(ClsKnimfzy.java:1771)
	at generated.ric.uta.btkp.yzp.ClsSdkldy.metCiutc(ClsSdkldy.java:42)
	at generated.bym.zocy.ClsKywzn.metRwkjbnp(ClsKywzn.java:2759)
	at generated.lkb.qsy.ydx.kyg.xpdw.ClsOtkgh.metJvbxbms(ClsOtkgh.java:1163)
	at generated.rafn.qkzl.ClsWjzyvf.metCncuy(ClsWjzyvf.java:855)
	at generated.lbus.lvnmd.ewoo.tobd.ClsQihtec.metVgtkkch(ClsQihtec.java:402)
	at generated.jety.qvl.ClsEufeuy.metTjngh(ClsEufeuy.java:491)
	at generated.uxf.bjoh.asvi.vcg.ClsVqfnzz.metXydwbv(ClsVqfnzz.java:1135)
	at generated.ynlcy.lnsj.ClsCpcpz.metNfrtq(ClsCpcpz.java:566)
	at generated.dwzjt.knfm.mamit.ClsIucbcm.metUelzpl(ClsIucbcm.java:1961)
	at generated.fbuhe.deize.tyzoc.vmgq.jjbw.ClsSlejqhi.metAqkripd(ClsSlejqhi.java:67)
	at generated.ajbwq.bwarb.knw.mwi.ClsTibykzp.metPzxnpo(ClsTibykzp.java:2522)
	at generated.ykotx.big.vlgcn.ClsIrlpi.metUpoyi(ClsIrlpi.java:1255)
	at generated.dklzr.hkr.ruf.qmfcz.ClsJzpxrb.metWdimbmb(ClsJzpxrb.java:628)
	at generated.jmc.yvhq.ClsLrrzlj.metXckcr(ClsLrrzlj.java:541)
	at generated.rck.khtgi.ClsFuycakw.metQklxxs(ClsFuycakw.java:346)
	at generated.zcx.ssre.wvhnv.udviy.vqls.ClsDklbwdr.metPqhlk(ClsDklbwdr.java:2010)
	at generated.zlu.rkny.klo.ClsEmakz.metZukduvh(ClsEmakz.java:52)
	at generated.xomvg.gow.ihv.rwmiz.ClsAnica.metHxqjozu(ClsAnica.java:1179)
	at generated.rjz.bqpk.nbtu.smxlz.ativn.ClsTvfcws.metJclrprw(ClsTvfcws.java:1348)
	at generated.vzhb.thy.wmzn.haq.dvqxk.ClsNebmur.metGhzfdfs(ClsNebmur.java:1682)
	at generated.krqzo.nvyf.nkaey.ClsPrvvvc.metZcwyozo(ClsPrvvvc.java:2140)
	at generated.rfx.gtno.ClsEthcc.metXpgtruw(ClsEthcc.java:713)
	at generated.prl.xmif.ClsEpray.metSposnhv(ClsEpray.java:106)
	at generated.epdxf.cegky.bht.ClsRfaiz.metNmkyt(ClsRfaiz.java:815)
	at generated.zjo.ctzs.ClsEpobo.metGmtlrq(ClsEpobo.java:622)
	at generated.hje.zdhkk.vjs.ztir.ClsZemsbjh.metErpckzg(ClsZemsbjh.java:64)
	at generated.wguj.htjp.txgd.ClsQeotjx.metRdgul(ClsQeotjx.java:523)
	at generated.jwx.ybhpy.mjwgn.vnjhp.ClsNxibomw.metRlcslaf(ClsNxibomw.java:818)
	at generated.eny.ijx.tfppj.ivfu.bdbo.ClsAgqqmb.metCtjxq(ClsAgqqmb.java:411)
	at generated.xrvf.vhbmo.ClsKoqmsv.metNeivp(ClsKoqmsv.java:2047)
	at generated.tpbb.jtmy.lrysd.zgz.ClsCybyo.metBjcprg(ClsCybyo.java:1048)
	at generated.jbwyb.mnx.ldvj.wfe.ClsFfpggd.metDmoxjyg(ClsFfpggd.java:48)
	at generated.kjy.pgx.qukyo.ClsJmjvh.metVeesmip(ClsJmjvh.java:1203)
	at generated.pmea.hwfp.ClsHfjtjky.metFeawxwm(ClsHfjtjky.java:52)
	at generated.zjo.ctzs.ClsEpobo.metYprvi(ClsEpobo.java:1163)
	at generated.lwv.urjp.wtrjn.ClsUtexk.metMogulfj(ClsUtexk.java:2637)
	at generated.msvp.pmyyf.sxxqq.cpwyw.ClsIgjizdq.metQskwlzm(ClsIgjizdq.java:920)
	at generated.rcado.twec.nbwfq.vqxhs.ClsMyvmn.metYubcxaa(ClsMyvmn.java:1261)
	at generated.fsu.tksaz.ClsQijgk.metMpzgvfv(ClsQijgk.java:272)
	at generated.glpf.ojj.rktbs.qycmj.ClsHyiomwn.metJzkoyxd(ClsHyiomwn.java:1244)
	at generated.bxde.ugx.bhp.tyddd.ClsVeohg.metHgxvmsf(ClsVeohg.java:2074)
	at generated.wovp.bch.szmd.znvwk.vprp.ClsBputl.metLbqsrnu(ClsBputl.java:1863)
	at generated.bgc.xzocu.ClsRauzlao.metDurvb(ClsRauzlao.java:3293)
	at generated.wovp.bch.szmd.znvwk.vprp.ClsBputl.metViryp(ClsBputl.java:1030)
	at generated.tty.hsgi.wxcn.inpm.iowbc.ClsSlxxqby.metXryvi(ClsSlxxqby.java:57)
	at generated.xlnas.mahu.segb.epkl.ClsDxlnvby.metHgfzp(ClsDxlnvby.java:999)
	at generated.vwn.nlg.oudbc.ClsRunczsp.metYehhnbd(ClsRunczsp.java:297)
	at generated.akkiz.lrai.ClsOwece.metZmlpwmb(ClsOwece.java:916)
	at generated.kpr.syrq.rbybf.jehy.ClsEepqvi.metEsciapg(ClsEepqvi.java:1250)
	at generated.thrz.cznly.ClsJzeqt.metLzwloc(ClsJzeqt.java:470)
	at generated.szgpc.vtkf.bhkgn.fxawx.ClsCqjqae.metFvnjmtp(ClsCqjqae.java:1651)
	at generated.aocln.lrft.pav.ClsCdlyv.metQcyyazr(ClsCdlyv.java:61)
	at generated.zkgze.teh.ClsIvakpm.metLhcxgn(ClsIvakpm.java:770)
	at generated.sjs.vuy.aowon.hkexx.ClsEwzozc.metHimjr(ClsEwzozc.java:1000)
	at generated.cjivu.wfhw.ClsQapjz.metTpozit(ClsQapjz.java:326)
	at generated.fsh.jkg.yti.foj.bxn.ClsElnfoyb.metIhrcfk(ClsElnfoyb.java:907)
	at generated.dblt.rhn.nieeo.awky.zhgg.ClsWqcvf.metYpwrza(ClsWqcvf.java:167)
	at generated.tty.hsgi.wxcn.inpm.iowbc.ClsSlxxqby.metXryvi(ClsSlxxqby.java:48)
	at generated.xlnas.mahu.segb.epkl.ClsDxlnvby.metHgfzp(ClsDxlnvby.java:999)
	at generated.sjs.vuy.aowon.hkexx.ClsEwzozc.metUncvpjk(ClsEwzozc.java:1413)
	at generated.viaxg.rkq.oxm.kcfv.iuf.ClsInebdnf.metFmhpqe(ClsInebdnf.java:471)
	at generated.nyi.rpmr.bev.dvl.ClsAmaqt.metDcfxlf(ClsAmaqt.java:1400)
	at generated.szip.fdfw.gtz.sbqws.oxuk.ClsCkuehc.metWftya(ClsCkuehc.java:2375)
	at generated.oxu.lpin.ClsOsmwfw.metMzglam(ClsOsmwfw.java:336)
	at generated.lqb.uvm.wll.rdjem.vhjp.ClsIzkfj.metWwmrjdy(ClsIzkfj.java:1593)
	at generated.faemw.ilp.ClsZfnmjg.metUwntpr(ClsZfnmjg.java:1427)
	at generated.vni.rvk.ClsZtnhyhk.metHljkz(ClsZtnhyhk.java:371)
	at generated.llzpj.xio.dsc.xlgbc.ClsTxmiu.metScjysr(ClsTxmiu.java:181)
	at generated.ybob.vxueo.hsf.vewg.dsiw.ClsHwvqink.metOwobixy(ClsHwvqink.java:2070)
	at generated.yqdhq.maq.almzv.ClsRyrhmv.metDorazwg(ClsRyrhmv.java:1673)
	at generated.ykotx.big.vlgcn.ClsIrlpi.metQjufmoi(ClsIrlpi.java:394)
	at generated.awpv.vfeq.nws.jthk.usis.ClsFjgen.metFthkr(ClsFjgen.java:1162)
	at generated.qxkpt.wek.wuz.ClsCidrocl.metCcptkd(ClsCidrocl.java:2417)
	at generated.guhr.drb.sibg.tbrxm.ClsDyyrh.metConsibv(ClsDyyrh.java:1904)
	at generated.jxvev.kmwy.yle.qao.ClsEkrxe.metStgxe(ClsEkrxe.java:443)
	at generated.vzpou.cao.qjn.ClsKhvglkc.metEfzssxb(ClsKhvglkc.java:531)
	at generated.bbc.hds.waeu.ClsHdusg.metFnoqs(ClsHdusg.java:111)
	at generated.ddlo.gbx.ClsCmftxw.metZhzvrj(ClsCmftxw.java:128)
	at generated.bym.zocy.ClsKywzn.metFyfiz(ClsKywzn.java:328)
	at generated.wkk.ubr.xaoql.ynsh.aljs.ClsNccnik.metOnlrk(ClsNccnik.java:329)
	at generated.rdv.rqky.jbo.ClsJrjibol.metTjjyvn(ClsJrjibol.java:1950)
	at generated.cqj.ztcat.ClsHvlwiga.metKlwowad(ClsHvlwiga.java:117)
	at generated.jqxt.drdbh.vqn.rjwhh.bhqv.ClsZkctd.metZprobga(ClsZkctd.java:1180)
	at generated.eau.rxf.xtetg.ClsDlewf.metAuexnas(ClsDlewf.java:503)
	at generated.zjo.ctzs.ClsEpobo.metYprvi(ClsEpobo.java:1159)
	at generated.qidp.cjgt.aye.rfja.ClsKdofn.metTpsjdfd(ClsKdofn.java:1031)
	at generated.akkiz.lrai.ClsOwece.metZmlpwmb(ClsOwece.java:918)
	at generated.ylt.zclq.smolt.usq.ClsZlmfzo.metUwzbhsq(ClsZlmfzo.java:2423)
	at generated.tttlm.glj.nwd.ClsPsnpt.metSnztu(ClsPsnpt.java:626)
	at generated.hnov.jqz.gnm.ufrx.ClsUbsng.metKtaqkvb(ClsUbsng.java:788)
	at generated.jjsc.fqvnj.ClsJcyuqyr.metNpxdlz(ClsJcyuqyr.java:775)
	at generated.fzxhy.lutx.woz.zpjxd.ClsRgthjz.metQoioyor(ClsRgthjz.java:873)
	at generated.nyi.rpmr.bev.dvl.ClsAmaqt.metEeaxakq(ClsAmaqt.java:1057)
	at generated.nyi.rpmr.bev.dvl.ClsAmaqt.metDmaeu(ClsAmaqt.java:240)
	at generated.hjn.nims.whc.ClsHjskjry.metJtdbjbq(ClsHjskjry.java:2797)
	at generated.Switcher.call1(Switcher.java:1716)
	at generated.Switcher.call(Switcher.java:25)
	at generated.Switcher.call(Switcher.java:10)
	at helpers.Main.main(Main.java:22)
java.lang.IllegalStateException: Time for exception, context is counter = 101
	at generated.soc.yxofu.ClsXgirpqg.metBamaie(ClsXgirpqg.java:47)
	at generated.kozsw.yef.uown.ClsOynhrjy.metDqwvmna(ClsOynhrjy.java:76)
	at generated.bzz.kly.psee.quc.bfsha.ClsDzkje.metPdznxao(ClsDzkje.java:663)
	at generated.dyhzi.dxw.ClsCwzjjdc.metMxblffx(ClsCwzjjdc.java:1836)
	at generated.ylds.mfx.yoapy.trf.ClsTqdid.metAqkbgu(ClsTqdid.java:224)
	at generated.jxvev.kmwy.yle.qao.ClsEkrxe.metXnpgnab(ClsEkrxe.java:273)
	at generated.cooh.uxjdq.ClsFolwwo.metBcoman(ClsFolwwo.java:54)
	at generated.pkiuv.uoyqr.fvegp.ClsVuupaf.metUvptedk(ClsVuupaf.java:1373)
	at generated.ewsx.awkp.ClsQqiwrx.metXaqhs(ClsQqiwrx.java:52)
	at generated.vaae.lvn.ngfu.iryb.ghx.ClsRymqn.metLnjdif(ClsRymqn.java:482)
	at generated.faemw.ilp.ClsZfnmjg.metRiokat(ClsZfnmjg.java:1922)
	at generated.iizw.xtnpj.vtu.pzyko.mjr.ClsIwwhuk.metDajwaxk(ClsIwwhuk.java:434)
	at generated.bxdjn.mde.btuju.ClsTytdyel.metYollhzq(ClsTytdyel.java:2827)
	at generated.tty.hsgi.wxcn.inpm.iowbc.ClsSlxxqby.metXryvi(ClsSlxxqby.java:54)
	at generated.ccfk.ebaid.zorck.nagt.ClsZdnfpo.metBekfeh(ClsZdnfpo.java:1313)
	at generated.fxcp.qgpfs.ybgzm.ClsPuabr.metZjfrt(ClsPuabr.java:1505)
	at generated.zuae.arfgx.ClsLmluz.metSkknhh(ClsLmluz.java:334)
	at generated.kvgtw.ild.venx.ClsFjvqb.metSqpss(ClsFjvqb.java:74)
	at generated.whq.qbzu.ibval.ClsQmhuc.metLcnezm(ClsQmhuc.java:873)
	at generated.xfarb.nyjg.kvemo.neuq.muogi.ClsNavymhd.metBdepq(ClsNavymhd.java:628)
	at generated.iwgpz.omflp.aokw.stkla.ClsEozjxi.metLgvrtz(ClsEozjxi.java:58)
	at generated.ripp.bmwgm.stc.lotv.ClsUsecks.metLowwitv(ClsUsecks.java:54)
	at generated.rpsld.osii.esrur.icow.odqq.ClsKonwxh.metYwxpmqu(ClsKonwxh.java:1127)
	at generated.pilx.dozw.ClsXxofw.metZrfoar(ClsXxofw.java:53)
	at generated.umwyg.amoy.nxwqk.ClsRhwok.metLvkfrei(ClsRhwok.java:47)
	at generated.mrf.izsh.kbs.fftoo.ClsAnvwijm.metLxezzjh(ClsAnvwijm.java:135)
	at generated.umwyg.amoy.nxwqk.ClsRhwok.metWrixicx(ClsRhwok.java:631)
	at generated.ejo.csmp.btk.wxwrs.ClsQzkdjd.metInqyk(ClsQzkdjd.java:2729)
	at generated.lutn.igqh.egz.ClsRefniq.metKkuplz(ClsRefniq.java:1053)
	at generated.ngga.uygk.ijytb.nbxo.ClsRatjhdh.metHxubvbc(ClsRatjhdh.java:505)
	at generated.bbc.hds.waeu.ClsHdusg.metPvaljpo(ClsHdusg.java:1283)
	at generated.thbao.caq.ffw.ClsTdyqha.metJrawyju(ClsTdyqha.java:676)
	at generated.qpwda.gkhbp.syc.ClsXijybp.metKuezqx(ClsXijybp.java:1231)
	at generated.rvoae.ubba.lhxov.ClsFolbn.metIggsg(ClsFolbn.java:43)
	at generated.ecv.efje.ClsTpekex.metPkjwhxj(ClsTpekex.java:469)
	at generated.hxox.ffe.lvzjg.shh.glfkb.ClsIrtnca.metSjxlk(ClsIrtnca.java:69)
	at generated.xzv.lryy.cuf.xbuwu.jzj.ClsWpqguu.metVqoxi(ClsWpqguu.java:62)
	at generated.jbwyb.mnx.ldvj.wfe.ClsFfpggd.metWgwxu(ClsFfpggd.java:749)
	at generated.czvpg.qza.omunq.uenf.wjzsl.ClsJcqpybb.metUtwga(ClsJcqpybb.java:1958)
	at generated.urirq.dgkys.tveox.xjpi.qhdbq.ClsUybee.metDkouvck(ClsUybee.java:357)
	at generated.oifiy.iidt.rbaxb.qny.ClsEbwjeeh.metNzfwfvf(ClsEbwjeeh.java:1978)
	at generated.lgn.jjc.pyf.wikof.ClsNvehs.metXzsjdrn(ClsNvehs.java:644)
	at generated.kvgtw.ild.venx.ClsFjvqb.metNqafkr(ClsFjvqb.java:900)
	at generated.fngyc.xckh.hczqh.evsa.hto.ClsKkfnluc.metKxdbvk(ClsKkfnluc.java:701)
	at generated.dblt.rhn.nieeo.awky.zhgg.ClsWqcvf.metFxqqhk(ClsWqcvf.java:3364)
	at generated.nab.qjop.zlpj.ClsKpgtu.metJdvegyh(ClsKpgtu.java:254)
	at generated.say.yaxva.vkutw.ffwk.nipfu.ClsYmnarl.metVkvjm(ClsYmnarl.java:48)
	at generated.pjj.bvaka.ClsQowseb.metPahvxgx(ClsQowseb.java:1066)
	at generated.aocln.lrft.pav.ClsCdlyv.metMlcalgz(ClsCdlyv.java:421)
	at generated.oxu.lpin.ClsOsmwfw.metMzglam(ClsOsmwfw.java:330)
	at generated.dblt.rhn.nieeo.awky.zhgg.ClsWqcvf.metTzlrmi(ClsWqcvf.java:1521)
	at generated.vdb.mnwj.ClsCqncwrc.metFyyoz(ClsCqncwrc.java:310)
	at generated.upncj.bspqu.dxg.rhtf.jfv.ClsPurfs.metBmokei(ClsPurfs.java:63)
	at generated.zxr.vzp.uyksy.pqzm.pjc.ClsZndmqai.metPeailgk(ClsZndmqai.java:814)
	at generated.nab.qjop.zlpj.ClsKpgtu.metIzpvaak(ClsKpgtu.java:93)
	at generated.knit.peyph.gixpu.nurd.owg.ClsBysplt.metWlrpkk(ClsBysplt.java:157)
	at generated.iahst.laa.pxio.buqb.bma.ClsIljkfwq.metJpotuy(ClsIljkfwq.java:2098)
	at generated.sgsv.koj.kji.eme.ClsVwmyk.metPaqqh(ClsVwmyk.java:1201)
	at generated.pjlgu.ych.moks.ClsDfvnkrr.metKcwpp(ClsDfvnkrr.java:725)
	at generated.xbp.aqack.muc.qdlv.ClsYkgquj.metXwspti(ClsYkgquj.java:1542)
	at generated.lmnzf.ovowi.sxrr.zpxa.ekc.ClsGbfdl.metTgjgxxb(ClsGbfdl.java:61)
	at generated.xfarb.nyjg.kvemo.neuq.muogi.ClsNavymhd.metZybilb(ClsNavymhd.java:3057)
	at generated.jncj.jbd.zlf.aaqw.ezh.ClsDvmwsb.metQjczu(ClsDvmwsb.java:1301)
	at generated.yspu.gfv.vkj.oqfod.ClsLdypo.metOhuzksk(ClsLdypo.java:52)
	at generated.ccfk.ebaid.zorck.nagt.ClsZdnfpo.metTaxoblh(ClsZdnfpo.java:63)
	at generated.nser.cya.amcmi.sqqbf.ClsBrwubp.metVgwhqh(ClsBrwubp.java:789)
	at generated.agsr.avusp.ClsSxvskos.metQshxytc(ClsSxvskos.java:370)
	at generated.krl.mqsgj.bheh.ClsTrpps.metJlmcir(ClsTrpps.java:49)
	at generated.fpwl.umghi.ehmv.ClsHtgssc.metYgohb(ClsHtgssc.java:1050)
	at generated.ahh.nwb.qcydo.fqhof.ClsLliqd.metOjkuym(ClsLliqd.java:786)
	at generated.obcl.dckqb.yisaz.jitvk.zktf.ClsZkjcmw.metXahdi(ClsZkjcmw.java:546)
	at generated.zkgze.teh.ClsIvakpm.metLhcxgn(ClsIvakpm.java:768)
	at generated.wxgxo.vxuaq.nwksm.ClsCiksuw.metAaayic(ClsCiksuw.java:2613)
	at generated.dvpbb.oqh.jjff.wuqb.ClsSgwrqz.metJpyff(ClsSgwrqz.java:502)
	at generated.iizw.xtnpj.vtu.pzyko.mjr.ClsIwwhuk.metRlsykq(ClsIwwhuk.java:1102)
	at generated.jkbz.avcqh.rezwp.eqkio.rjwyj.ClsUfgwyt.metPisbn(ClsUfgwyt.java:1983)
	at generated.pcmxu.afoc.vtpf.iaaod.uqtw.ClsEngdjx.metUtrlwm(ClsEngdjx.java:284)
	at generated.luqmd.bun.lsya.qcy.rfwn.ClsRmhsp.metEoqbobi(ClsRmhsp.java:2038)
	at generated.ctu.hqqpu.deqo.ClsCqhwl.metDtthebb(ClsCqhwl.java:714)
	at generated.hoy.nse.xiza.ClsXtjmmff.metHcgrjmb(ClsXtjmmff.java:680)
	at generated.tstd.oamme.ClsWesimek.metJaoqfe(ClsWesimek.java:519)
	at generated.sul.bgaig.ClsSqxjnzs.metTctacq(ClsSqxjnzs.java:199)
	at generated.hqk.yhmam.ClsYpyai.metQwwajm(ClsYpyai.java:166)
	at generated.nazay.flkux.hxr.erkt.lsq.ClsJzesd.metKixgvt(ClsJzesd.java:855)
	at generated.ekq.xrl.oirep.cit.ClsUfrraew.metXmjyagk(ClsUfrraew.java:155)
	at generated.sud.ssgvp.ClsYgcbzup.metSzyoxe(ClsYgcbzup.java:45)
	at generated.ypn.sgpzs.ieqw.ClsOaacmg.metMhchi(ClsOaacmg.java:634)
	at generated.wguj.htjp.txgd.ClsQeotjx.metRdgul(ClsQeotjx.java:520)
	at generated.jwx.ybhpy.mjwgn.vnjhp.ClsNxibomw.metRlcslaf(ClsNxibomw.java:818)
	at generated.cqj.ztcat.ClsHvlwiga.metKlwowad(ClsHvlwiga.java:119)
	at generated.nyi.rpmr.bev.dvl.ClsAmaqt.metDmaeu(ClsAmaqt.java:242)
	at generated.ohvix.mvnwt.ojevu.uqqu.ClsUvptjsa.metGknpvo(ClsUvptjsa.java:668)
	at generated.tjcix.mlbz.uszhp.rcmcg.fciy.ClsJynrh.metQpncbe(ClsJynrh.java:49)
	at generated.cooh.uxjdq.ClsFolwwo.metCblmhdz(ClsFolwwo.java:191)
	at generated.uue.amxh.ClsCxwioc.metCdnjlbc(ClsCxwioc.java:64)
	at generated.hxox.ffe.lvzjg.shh.glfkb.ClsIrtnca.metXouzwi(ClsIrtnca.java:572)
	at generated.objt.fch.zgqe.ddz.edp.ClsGllzjym.metZzhnn(ClsGllzjym.java:67)
	at generated.pidzq.cca.supk.ClsMborf.metPdnug(ClsMborf.java:1008)
	at generated.tfnnz.orm.umdj.fyyt.htth.ClsIhyfe.metPowhu(ClsIhyfe.java:576)
	at generated.xdz.nlni.sli.soazg.qjui.ClsTwnexi.metOnjlrw(ClsTwnexi.java:1177)
	at generated.ogvc.srwxz.yumkh.ClsLrwvw.metQoczsqa(ClsLrwvw.java:773)
	at generated.vzhb.thy.wmzn.haq.dvqxk.ClsNebmur.metNdwym(ClsNebmur.java:1157)
	at generated.Switcher.call2(Switcher.java:2793)
	at generated.Switcher.call(Switcher.java:32)
	at generated.Switcher.call(Switcher.java:10)
	at helpers.Main.main(Main.java:22)
java.lang.IllegalStateException: Time for exception, context is counter = 101
	at generated.rvoae.ubba.lhxov.ClsFolbn.metIggsg(ClsFolbn.java:30)
	at generated.kbawl.tsxo.ClsIhlgv.metHfrrsy(ClsIhlgv.java:1258)
	at generated.ixuq.pjpch.bsjs.gtiu.ziyvo.ClsLnjxq.metJhfjoa(ClsLnjxq.java:81)
	at generated.fjbx.fkj.wubzt.lvn.utz.ClsFghgxys.metZdnotjy(ClsFghgxys.java:3322)
	at generated.ykotx.big.vlgcn.ClsIrlpi.metYdoum(ClsIrlpi.java:997)
	at generated.dhps.dhpwl.iacpw.qdap.ClsWbyqn.metCftktsm(ClsWbyqn.java:423)
	at generated.ogvc.srwxz.yumkh.ClsLrwvw.metXcfll(ClsLrwvw.java:853)
	at generated.jfz.yla.rgjao.bwlw.poidi.ClsXagoya.metRolwehe(ClsXagoya.java:46)
	at generated.mxjy.uyp.bfvg.ClsTmliv.metDnrghgg(ClsTmliv.java:1083)
	at generated.zeog.rxzgj.vpnvo.ClsMrbyqbi.metJaolx(ClsMrbyqbi.java:829)
	at generated.gouv.eqsn.qhbdy.den.ClsFusuxed.metLtgck(ClsFusuxed.java:1928)
	at generated.lwv.urjp.wtrjn.ClsUtexk.metTbeuty(ClsUtexk.java:1184)
	at generated.lkb.qsy.ydx.kyg.xpdw.ClsOtkgh.metTdafkc(ClsOtkgh.java:84)
	at generated.boqu.sbq.afu.ueq.ozxhs.ClsAbwor.metIgnwim(ClsAbwor.java:1048)
	at generated.vhmc.wdye.wqjxr.ibvop.sdazx.ClsPayizox.metWcodyx(ClsPayizox.java:887)
	at generated.lymb.koxl.ClsYwcwi.metXevubvd(ClsYwcwi.java:49)
	at generated.bze.lia.lsxnc.wxf.ClsUsouwe.metFullkd(ClsUsouwe.java:2025)
	at generated.bym.zocy.ClsKywzn.metPqlcvm(ClsKywzn.java:2979)
	at generated.yatvv.smi.dxmh.kbg.iimu.ClsLoctrpd.metJdqtn(ClsLoctrpd.java:1345)
	at generated.lpaw.zsrs.mkgam.ClsFunorfd.metQsrsd(ClsFunorfd.java:2806)
	at generated.xomvg.gow.ihv.rwmiz.ClsAnica.metGqcrjlo(ClsAnica.java:2159)
	at generated.fzl.xoxqh.vzjs.mpbxr.acelj.ClsDpthz.metWxwtvu(ClsDpthz.java:83)
	at generated.kpr.syrq.rbybf.jehy.ClsEepqvi.metYkotc(ClsEepqvi.java:553)
	at generated.jegbf.crwbk.nmh.pssas.ClsGkdgra.metBztmk(ClsGkdgra.java:1238)
	at generated.aurt.jsch.ClsNhvzlcm.metDsvueiu(ClsNhvzlcm.java:647)
	at generated.uesvi.rft.ajls.mid.nhgmy.ClsAahsx.metWpqasx(ClsAahsx.java:304)
	at generated.cmat.jsh.zswe.antmm.ClsCaaum.metUostvuj(ClsCaaum.java:372)
	at generated.pjhop.batjb.hvsgx.ClsMpvmz.metByhmn(ClsMpvmz.java:1248)
	at generated.xdz.nlni.sli.soazg.qjui.ClsTwnexi.metOnjlrw(ClsTwnexi.java:1171)
	at generated.fyqdj.ngxct.qluzo.ClsXhvsbmw.metNtfed(ClsXhvsbmw.java:49)
	at generated.mpshn.gtle.vpv.ClsQavxam.metWfxwlny(ClsQavxam.java:1140)
	at generated.ebzcr.rpu.sksf.ClsDqlwzu.metWuirn(ClsDqlwzu.java:1795)
	at generated.jnd.hlyaf.lpdh.ClsFkvsin.metEjdsa(ClsFkvsin.java:44)
	at generated.bdbh.xtwdj.ClsNcupxj.metEvtly(ClsNcupxj.java:561)
	at generated.ngga.uygk.ijytb.nbxo.ClsRatjhdh.metHxubvbc(ClsRatjhdh.java:500)
	at generated.ccg.jhj.gczt.ClsPoxii.metIwczxza(ClsPoxii.java:564)
	at generated.jyf.qipd.uxmxy.ibbi.oqifb.ClsLonnwfv.metRffzdi(ClsLonnwfv.java:375)
	at generated.ymw.jejs.vri.dloeg.ClsFhwwyyi.metSrublwu(ClsFhwwyyi.java:1825)
	at generated.ewsx.awkp.ClsQqiwrx.metIzeimi(ClsQqiwrx.java:1873)
	at generated.hje.zdhkk.vjs.ztir.ClsZemsbjh.metIttyex(ClsZemsbjh.java:2757)
	at generated.dmi.hxt.aalc.lkzen.xprq.ClsZcqfdb.metMbywuu(ClsZcqfdb.java:654)
	at generated.cmat.jsh.zswe.antmm.ClsCaaum.metGdimrp(ClsCaaum.java:443)
	at generated.gxsul.kov.yyplf.rodqb.ClsJszvk.metDvknrp(ClsJszvk.java:334)
	at generated.qidp.cjgt.aye.rfja.ClsKdofn.metPebczr(ClsKdofn.java:60)
	at generated.tcmo.vrz.okj.vbn.cob.ClsOorlpk.metLqlsrhd(ClsOorlpk.java:687)
	at generated.dblt.rhn.nieeo.awky.zhgg.ClsWqcvf.metMlzzx(ClsWqcvf.java:1081)
	at generated.ekq.xrl.oirep.cit.ClsUfrraew.metXmjyagk(ClsUfrraew.java:158)
	at generated.xvrf.yqrm.mud.ClsAmwojd.metLsxmbq(ClsAmwojd.java:960)
	at generated.pao.ftmie.uexl.ilcuc.qjnt.ClsCdzww.metClipv(ClsCdzww.java:72)
	at generated.vzhb.thy.wmzn.haq.dvqxk.ClsNebmur.metGhzfdfs(ClsNebmur.java:1674)
	at generated.dox.qrg.ztjr.znum.wop.ClsEqhgdd.metGmzisxs(ClsEqhgdd.java:300)
	at generated.mdsqq.fzc.ach.zliz.ClsPntrg.metOqyww(ClsPntrg.java:1564)
	at generated.vzhb.thy.wmzn.haq.dvqxk.ClsNebmur.metTbavpu(ClsNebmur.java:257)
	at generated.wovp.bch.szmd.znvwk.vprp.ClsBputl.metNlsjejo(ClsBputl.java:3044)
	at generated.pie.kzbcq.dsxws.nmips.ClsIebxhoy.metBgqvgjl(ClsIebxhoy.java:126)
	at generated.ymw.jejs.vri.dloeg.ClsFhwwyyi.metVqffqpl(ClsFhwwyyi.java:1930)
	at generated.vhmc.wdye.wqjxr.ibvop.sdazx.ClsPayizox.metQjbpgm(ClsPayizox.java:504)
	at generated.ybjd.hcrzn.wly.yiw.ClsDxaztd.metWbpqcxl(ClsDxaztd.java:270)
	at generated.vrcoi.eenl.vzhb.viz.ClsJajjhn.metEhzycf(ClsJajjhn.java:1171)
	at generated.boyq.aqxcj.dvw.buh.ClsHvdlac.metVljvjef(ClsHvdlac.java:1396)
	at generated.hxox.ffe.lvzjg.shh.glfkb.ClsIrtnca.metSjxlk(ClsIrtnca.java:68)
	at generated.gtqd.sddj.omoh.ClsGvpsrb.metPbwwpxz(ClsGvpsrb.java:3283)
	at generated.qmt.ormh.hrg.ClsKncrsgn.metYmcyop(ClsKncrsgn.java:300)
	at generated.tty.hsgi.wxcn.inpm.iowbc.ClsSlxxqby.metPvfgz(ClsSlxxqby.java:218)
	at generated.jfz.yla.rgjao.bwlw.poidi.ClsXagoya.metCucef(ClsXagoya.java:193)
	at generated.sud.ssgvp.ClsYgcbzup.metThiqrb(ClsYgcbzup.java:400)
	at generated.zlu.rkny.klo.ClsEmakz.metYkqjyfd(ClsEmakz.java:237)
	at generated.bzz.kly.psee.quc.bfsha.ClsDzkje.metPdznxao(ClsDzkje.java:666)
	at generated.czvpg.qza.omunq.uenf.wjzsl.ClsJcqpybb.metUtwga(ClsJcqpybb.java:1960)
	at generated.fqse.yld.itmkb.nvvi.aogl.ClsWfcxniu.metCqrtl(ClsWfcxniu.java:44)
	at generated.lena.cpwb.ClsOyfzaw.metPiwdj(ClsOyfzaw.java:1392)
	at generated.mddx.clwe.jti.flnoc.ClsUfkvl.metDllmq(ClsUfkvl.java:48)
	at generated.jbe.ovkq.apfa.ClsJirwm.metEsspfb(ClsJirwm.java:69)
	at generated.lyzv.mxgo.pevdn.zohp.ClsVjlpemp.metPdrxl(ClsVjlpemp.java:512)
	at generated.kpr.syrq.rbybf.jehy.ClsEepqvi.metNxqbhh(ClsEepqvi.java:2332)
	at generated.bgc.xzocu.ClsRauzlao.metMuudtgl(ClsRauzlao.java:79)
	at generated.wqiz.fsoeg.zny.ClsQcqvcz.metXqazilw(ClsQcqvcz.java:302)
	at generated.fsu.tksaz.ClsQijgk.metMpzgvfv(ClsQijgk.java:275)
	at generated.jsk.uftx.vxlzj.zrxgt.ClsQhlqcpk.metVsmjtt(ClsQhlqcpk.java:608)
	at generated.wbwc.msluw.nktns.qpw.bpxnv.ClsMvqswga.metYsltwev(ClsMvqswga.java:1328)
	at generated.rdoy.ccyd.ClsBaafhum.metJuapv(ClsBaafhum.java:751)
	at generated.rxg.czm.ouvsz.ClsZjeuqfz.metEisipil(ClsZjeuqfz.java:2158)
	at generated.oxu.lpin.ClsOsmwfw.metFlrvml(ClsOsmwfw.java:39)
	at generated.vcbt.doa.qjx.vqqxn.ClsCklaca.metTyurif(ClsCklaca.java:47)
	at generated.bdq.ayzja.ClsIjbfbq.metMgyksk(ClsIjbfbq.java:826)
	at generated.ycimk.sohgl.jgg.mzm.zdw.ClsNlifswy.metLoqrtd(ClsNlifswy.java:1051)
	at generated.juo.ylbw.skydn.aag.ClsUnyrvhw.metLujbjqw(ClsUnyrvhw.java:1162)
	at generated.jety.qvl.ClsEufeuy.metTjngh(ClsEufeuy.java:501)
	at generated.lfyn.xvx.hzvvt.ClsOnoonbm.metQfhjvpj(ClsOnoonbm.java:628)
	at generated.faemw.ilp.ClsZfnmjg.metDladfn(ClsZfnmjg.java:64)
	at generated.gxsul.kov.yyplf.rodqb.ClsJszvk.metWkryd(ClsJszvk.java:179)
	at generated.hdizo.lmlcv.kphe.ClsDkzbnl.metChehgyz(ClsDkzbnl.java:1291)
	at generated.uixp.fnjv.ClsXogmh.metGkqap(ClsXogmh.java:1554)
	at generated.craal.bslif.jggf.lvugd.ClsAxhehn.metXwgbrt(ClsAxhehn.java:440)
	at generated.nff.xanb.npou.lpi.hhioi.ClsTvfwwdv.metVyqdwfy(ClsTvfwwdv.java:377)
	at generated.zcx.ssre.wvhnv.udviy.vqls.ClsDklbwdr.metFyhem(ClsDklbwdr.java:3063)
	at generated.awpv.vfeq.nws.jthk.usis.ClsFjgen.metLknwa(ClsFjgen.java:1409)
	at generated.tdu.dsdqw.ClsPudlkf.metIibybuf(ClsPudlkf.java:701)
	at generated.szip.fdfw.gtz.sbqws.oxuk.ClsCkuehc.metHuswc(ClsCkuehc.java:3243)
	at generated.ije.qxb.lpw.ClsOsescu.metNaodz(ClsOsescu.java:331)
	at generated.zcks.wgdy.nmqeq.ClsUmmkg.metYzxrk(ClsUmmkg.java:70)
	at generated.tttlm.glj.nwd.ClsPsnpt.metSnztu(ClsPsnpt.java:630)
	at generated.Switcher.call1(Switcher.java:1670)
	at generated.Switcher.call(Switcher.java:25)
	at generated.Switcher.call(Switcher.java:10)
	at helpers.Main.main(Main.java:22)
java.lang.IllegalStateException: Time for exception, context is counter = 101
	at generated.vxwoq.scl.ClsOqsla.metNhmfj(ClsOqsla.java:40)
	at generated.szgpc.vtkf.bhkgn.fxawx.ClsCqjqae.metFvnjmtp(ClsCqjqae.java:1644)
	at generated.nazay.flkux.hxr.erkt.lsq.ClsJzesd.metOrnpvp(ClsJzesd.java:59)
	at generated.szip.fdfw.gtz.sbqws.oxuk.ClsCkuehc.metWekizu(ClsCkuehc.java:329)
	at generated.yatvv.smi.dxmh.kbg.iimu.ClsLoctrpd.metAtxbae(ClsLoctrpd.java:1268)
	at generated.jbwyb.mnx.ldvj.wfe.ClsFfpggd.metMhcrusk(ClsFfpggd.java:232)
	at generated.obcl.dckqb.yisaz.jitvk.zktf.ClsZkjcmw.metGccxwff(ClsZkjcmw.java:432)
	at generated.ebrzp.tqxi.eqotq.yejgc.ClsEvdty.metWkflss(ClsEvdty.java:71)
	at generated.nxs.kyr.lnqo.tknc.ccw.ClsUnfuo.metQzzrmz(ClsUnfuo.java:63)
	at generated.emq.wih.mlsf.wldmn.ClsOtxowh.metFbnomc(ClsOtxowh.java:1957)
	at generated.keqgm.vpno.fizu.nwlb.tdn.ClsTflqp.metDcnzrcr(ClsTflqp.java:1588)
	at generated.ygtd.tzate.mcffm.zcyt.dcjw.ClsZwfofmi.metVnscxov(ClsZwfofmi.java:527)
	at generated.zkgze.teh.ClsIvakpm.metUkwzv(ClsIvakpm.java:60)
	at generated.umzi.uth.ClsKeupjq.metPzlihz(ClsKeupjq.java:237)
	at generated.bxdjn.mde.btuju.ClsTytdyel.metCtara(ClsTytdyel.java:160)
	at generated.luk.nzo.vsm.vhrx.ClsMcazrnx.metZikfdyn(ClsMcazrnx.java:56)
	at generated.kpr.syrq.rbybf.jehy.ClsEepqvi.metNxqbhh(ClsEepqvi.java:2341)
	at generated.szip.fdfw.gtz.sbqws.oxuk.ClsCkuehc.metHconp(ClsCkuehc.java:2025)
	at generated.szgpc.vtkf.bhkgn.fxawx.ClsCqjqae.metRfogdsy(ClsCqjqae.java:1486)
	at generated.wysh.slg.npipy.ymp.ClsUociy.metTslnf(ClsUociy.java:40)
	at generated.jqscq.rccq.ClsOopvbq.metWjbuqj(ClsOopvbq.java:476)
	at generated.jgbh.xyc.ClsItjtdsa.metPrhmade(ClsItjtdsa.java:49)
	at generated.emq.wih.mlsf.wldmn.ClsOtxowh.metIktjlp(ClsOtxowh.java:980)
	at generated.yspu.gfv.vkj.oqfod.ClsLdypo.metMlhss(ClsLdypo.java:2746)
	at generated.ahh.nwb.qcydo.fqhof.ClsLliqd.metZzblrd(ClsLliqd.java:452)
	at generated.fvpp.fkn.dhld.ClsKmfcut.metSnizvtk(ClsKmfcut.java:3077)
	at generated.gtqd.sddj.omoh.ClsGvpsrb.metIlqbpku(ClsGvpsrb.java:1523)
	at generated.hrkm.ewbs.ClsImajw.metFzosrs(ClsImajw.java:3428)
	at generated.uesvi.rft.ajls.mid.nhgmy.ClsAahsx.metEormtjq(ClsAahsx.java:387)
	at generated.ilkxp.jpryc.rdbz.ClsRpslgy.metKaqoag(ClsRpslgy.java:2009)
	at generated.rjz.bqpk.nbtu.smxlz.ativn.ClsTvfcws.metYozgfn(ClsTvfcws.java:135)
	at generated.ynlcy.lnsj.ClsCpcpz.metZjiyv(ClsCpcpz.java:395)
	at generated.wgs.lqt.wcw.ClsJywcz.metLjbrg(ClsJywcz.java:1160)
	at generated.mae.mvr.yqkab.ClsMmnezct.metJqjrhch(ClsMmnezct.java:1117)
	at generated.jbwyb.mnx.ldvj.wfe.ClsFfpggd.metFluszt(ClsFfpggd.java:1175)
	at generated.nfjmk.fbnmk.bidy.ClsXftxlm.metRsldy(ClsXftxlm.java:225)
	at generated.xbp.aqack.muc.qdlv.ClsYkgquj.metEbbgpfb(ClsYkgquj.java:106)
	at generated.qwzku.ncem.btkpm.nanf.pkkvr.ClsHwbpy.metArnxelx(ClsHwbpy.java:1752)
	at generated.pvf.ffnj.sgx.ClsCkadr.metLwvqt(ClsCkadr.java:874)
	at generated.bsxiw.ruayd.hhnf.xpexs.ClsHdpio.metQzpkgaw(ClsHdpio.java:1562)
	at generated.ybjd.hcrzn.wly.yiw.ClsDxaztd.metKezjoqz(ClsDxaztd.java:46)
	at generated.srmj.avhr.lka.jat.ClsPypwiae.metJqsezex(ClsPypwiae.java:158)
	at generated.bqzo.xiae.ClsKkliyen.metNvidxn(ClsKkliyen.java:3121)
	at generated.jxvev.kmwy.yle.qao.ClsEkrxe.metZyaugs(ClsEkrxe.java:570)
	at generated.ddlo.gbx.ClsCmftxw.metLfqhgrs(ClsCmftxw.java:259)
	at generated.kea.aibu.hupp.ClsBwgsc.metGwqdkd(ClsBwgsc.java:2703)
	at generated.kea.aibu.hupp.ClsBwgsc.metGwqdkd(ClsBwgsc.java:2701)
	at generated.kea.aibu.hupp.ClsBwgsc.metGwqdkd(ClsBwgsc.java:2701)
	at generated.ekdt.sgfr.yvij.ppmu.jdog.ClsNgwhdq.metRpaxdr(ClsNgwhdq.java:237)
	at generated.iyz.easj.ClsYjzbu.metXakvutw(ClsYjzbu.java:977)
	at generated.lwv.urjp.wtrjn.ClsUtexk.metSzffs(ClsUtexk.java:2169)
	at generated.xdz.nlni.sli.soazg.qjui.ClsTwnexi.metAnlgw(ClsTwnexi.java:1557)
	at generated.thbao.caq.ffw.ClsTdyqha.metSxhbxw(ClsTdyqha.java:139)
	at generated.qxefi.wgs.rftg.xdpid.akmvw.ClsCkxegiq.metDnltdl(ClsCkxegiq.java:641)
	at generated.pis.wkyuv.iobn.ClsZwqfsyc.metYdfwck(ClsZwqfsyc.java:2932)
	at generated.fzl.xoxqh.vzjs.mpbxr.acelj.ClsDpthz.metHzxet(ClsDpthz.java:458)
	at generated.pmea.hwfp.ClsHfjtjky.metFdvxqnl(ClsHfjtjky.java:229)
	at generated.fvu.hlpi.nwk.tou.hvemq.ClsEedcbzt.metJozjo(ClsEedcbzt.java:3768)
	at generated.prl.xmif.ClsEpray.metLgssb(ClsEpray.java:2194)
	at generated.icb.tnfr.ClsAqwmpy.metAklxjvo(ClsAqwmpy.java:1937)
	at generated.mlc.zijh.yyf.xsqqo.yegyo.ClsEponhbr.metObmmqn(ClsEponhbr.java:769)
	at generated.omrmp.xqoua.jgcx.oux.ClsDczdjs.metWgwcn(ClsDczdjs.java:385)
	at generated.uxf.bjoh.asvi.vcg.ClsVqfnzz.metZfoof(ClsVqfnzz.java:296)
	at generated.usk.caw.lya.nakcq.ClsEintoz.metEkqhwc(ClsEintoz.java:189)
	at generated.nausi.zuqdi.awq.ClsBwfwja.metDyfadl(ClsBwfwja.java:46)
	at generated.hnov.jqz.gnm.ufrx.ClsUbsng.metTfmleq(ClsUbsng.java:520)
	at generated.vyqrh.qgn.lpyi.kpgsy.dwfn.ClsBdfisj.metHirurt(ClsBdfisj.java:582)
	at generated.onnl.cqw.hoou.nqbyp.rkbx.ClsQccxpk.metWynnlc(ClsQccxpk.java:1954)
	at generated.qekg.vloi.ppx.zsuz.ClsCwygfp.metMsawt(ClsCwygfp.java:510)
	at generated.mujgq.ncvnj.jrqau.zdz.ClsOcgzmli.metZogkstg(ClsOcgzmli.java:1005)
	at generated.ohvix.mvnwt.ojevu.uqqu.ClsUvptjsa.metZvzne(ClsUvptjsa.java:951)
	at generated.dvpbb.oqh.jjff.wuqb.ClsSgwrqz.metIclgixe(ClsSgwrqz.java:52)
	at generated.ejcr.grk.etth.kkd.khkp.ClsRvpuf.metKsgwo(ClsRvpuf.java:67)
	at generated.bxf.iwmti.tnya.lxr.ClsVwjgxd.metWkhbt(ClsVwjgxd.java:51)
	at generated.sjs.vuy.aowon.hkexx.ClsEwzozc.metCoeap(ClsEwzozc.java:56)
	at generated.iwgpz.omflp.aokw.stkla.ClsEozjxi.metAsnemg(ClsEozjxi.java:2015)
	at generated.pilx.dozw.ClsXxofw.metGpqed(ClsXxofw.java:1511)
	at generated.ozf.uaf.fzns.ClsPcwqyx.metQyyzaha(ClsPcwqyx.java:3566)
	at generated.tjcix.mlbz.uszhp.rcmcg.fciy.ClsJynrh.metRhvodgq(ClsJynrh.java:975)
	at generated.ogvc.srwxz.yumkh.ClsLrwvw.metIiqznw(ClsLrwvw.java:78)
	at generated.fkb.oxnr.czk.caq.vuism.ClsIkwyda.metQhnltql(ClsIkwyda.java:5237)
	at generated.bbc.hds.waeu.ClsHdusg.metCwrhglg(ClsHdusg.java:854)
	at generated.glgu.mtw.imi.uqcd.ClsFxzwt.metQdaqdkg(ClsFxzwt.java:1926)
	at generated.lusp.cyql.oxyjz.noi.ClsEagqxck.metLkyoviz(ClsEagqxck.java:656)
	at generated.wqiz.fsoeg.zny.ClsQcqvcz.metQmhvlif(ClsQcqvcz.java:2071)
	at generated.kfbv.jhrjv.pxpki.wth.ClsLmcysaf.metHymts(ClsLmcysaf.java:1935)
	at generated.qoci.rwrbx.dziz.ClsPxbjmda.metGgprnls(ClsPxbjmda.java:1113)
	at generated.snorp.hgos.bmtih.ClsFnmcwzk.metQpjjjpa(ClsFnmcwzk.java:3244)
	at generated.pilx.dozw.ClsXxofw.metZrfoar(ClsXxofw.java:58)
	at generated.plktg.uzaq.ClsPfmfgas.metSonkec(ClsPfmfgas.java:471)
	at generated.jsk.uftx.vxlzj.zrxgt.ClsQhlqcpk.metFckwsmt(ClsQhlqcpk.java:1310)
	at generated.lit.dylko.ClsNnxdum.metGzggw(ClsNnxdum.java:907)
	at generated.lbus.lvnmd.ewoo.tobd.ClsQihtec.metPynhb(ClsQihtec.java:3395)
	at generated.jwjd.ipbmc.orw.pytb.ClsRceli.metHzvkfyq(ClsRceli.java:574)
	at generated.emq.wih.mlsf.wldmn.ClsOtxowh.metFbnomc(ClsOtxowh.java:1954)
	at generated.pie.kzbcq.dsxws.nmips.ClsIebxhoy.metBgqvgjl(ClsIebxhoy.java:131)
	at generated.qaif.bffo.nol.wdbrz.jivt.ClsVheqzum.metCdszw(ClsVheqzum.java:196)
	at generated.agsr.avusp.ClsSxvskos.metAprnxk(ClsSxvskos.java:820)
	at generated.lkb.qsy.ydx.kyg.xpdw.ClsOtkgh.metZcwkoov(ClsOtkgh.java:1279)
	at generated.ymw.jejs.vri.dloeg.ClsFhwwyyi.metSwxaonk(ClsFhwwyyi.java:99)
	at generated.jiyhu.blnbs.ClsAbirqwv.metJnhrq(ClsAbirqwv.java:69)
	at generated.fmfad.fxv.xizpe.ief.ClsTrwcogq.metPxuiq(ClsTrwcogq.java:299)
	at generated.Switcher.call0(Switcher.java:198)
	at generated.Switcher.call(Switcher.java:18)
	at generated.Switcher.call(Switcher.java:10)
	at helpers.Main.main(Main.java:22)
java.lang.IllegalStateException: Time for exception, context is counter = 101
	at generated.kyikq.zstk.ClsKnzfsv.metEuzooy(ClsKnzfsv.java:46)
	at generated.xcbqf.eycoj.dsup.hzpq.ClsJnmab.metTgiyoma(ClsJnmab.java:53)
	at generated.mpt.ysx.ClsXjxom.metGcgelwh(ClsXjxom.java:808)
	at generated.teh.vpb.fcwi.ppbr.lcdrd.ClsLqcliox.metVmpvxq(ClsLqcliox.java:1238)
	at generated.lkwrf.jjq.eqd.cme.ClsHgvzp.metZaxphn(ClsHgvzp.java:487)
	at generated.uni.pbh.ClsZpnfhq.metDslwd(ClsZpnfhq.java:1319)
	at generated.hsw.dyr.ClsImtboqm.metFxmnj(ClsImtboqm.java:442)
	at generated.ucbev.homwk.qyou.nmq.ClsQygls.metQrgkm(ClsQygls.java:1305)
	at generated.bnmnp.ffl.owa.effwj.yad.ClsNtvwom.metVkereau(ClsNtvwom.java:1439)
	at generated.rvddz.voy.lbmi.cmihi.ClsUxxrsqp.metUwzzbds(ClsUxxrsqp.java:731)
	at generated.lls.mogcy.ClsBrsrx.metUtjiw(ClsBrsrx.java:766)
	at generated.upw.aab.ilo.szx.ClsJrmafg.metTfqyr(ClsJrmafg.java:546)
	at generated.jlbm.evr.ofaxg.ClsMbkddm.metKrggk(ClsMbkddm.java:439)
	at generated.fgb.vbrrw.ClsNzwer.metRifqsgs(ClsNzwer.java:2288)
	at generated.rklf.lutp.itv.kyseg.ClsPfojo.metFybsp(ClsPfojo.java:1805)
	at generated.xvwc.dbaq.cvagv.ClsPdlhv.metSsteao(ClsPdlhv.java:1405)
	at generated.mvo.gvwtk.ptd.likkn.okkj.ClsTcmzqn.metNwyxme(ClsTcmzqn.java:2366)
	at generated.zko.duma.ClsOsvaza.metTeqmkk(ClsOsvaza.java:3864)
	at generated.jivxe.icvi.dbej.ClsYsoyxrv.metGuluist(ClsYsoyxrv.java:1641)
	at generated.ekk.tii.ClsDndib.metZrstjgz(ClsDndib.java:1825)
	at generated.vmp.dyd.yboh.ClsSzpxcx.metCvwqe(ClsSzpxcx.java:384)
	at generated.lls.mogcy.ClsBrsrx.metTyttkn(ClsBrsrx.java:114)
	at generated.vbga.nzjrh.qexy.ClsUcbrprd.metJihtxcc(ClsUcbrprd.java:3563)
	at generated.wzd.hcq.ClsJfpsqvo.metFfsufnw(ClsJfpsqvo.java:686)
	at generated.srk.iey.grm.lovfe.oglkn.ClsFjqpn.metBdamgk(ClsFjqpn.java:795)
	at generated.nstts.lpz.wao.zmue.ClsGhuzofg.metHzddnx(ClsGhuzofg.java:630)
	at generated.febl.prsf.ych.apyql.ClsUqnzz.metWwxqgas(ClsUqnzz.java:2663)
	at generated.flmv.seubv.ClsMdcxpcy.metQqjbvi(ClsMdcxpcy.java:1522)
	at generated.vtwi.zda.cac.ttr.ClsOefzfaf.metKskrfbh(ClsOefzfaf.java:433)
	at generated.fuh.vuoo.vlof.jobh.ClsPxzzrh.metEsbswl(ClsPxzzrh.java:3460)
	at generated.mju.jzgk.iyuv.nsdg.zvshu.ClsQknta.metZrmaat(ClsQknta.java:2082)
	at generated.xqux.ityzx.vjls.ztzau.ihedp.ClsOxjwrw.metUcensz(ClsOxjwrw.java:1121)
	at generated.zzkik.zmb.qbef.ClsKoubzfm.metMfpur(ClsKoubzfm.java:70)
	at generated.atsa.uivm.pcbva.fqrh.hkkl.ClsTahmvac.metMaoicdj(ClsTahmvac.java:458)
	at generated.jnd.elldw.ClsQnmbxwo.metHunvotp(ClsQnmbxwo.java:216)
	at generated.xmv.umaw.uyqy.ClsTjuuxk.metLcclqb(ClsTjuuxk.java:1153)
	at generated.zrfut.tasbb.aoaq.cnfio.ClsXwwaha.metUncqu(ClsXwwaha.java:48)
	at generated.gcvb.qjiv.cxf.txc.lrq.ClsMkmzfb.metAfvesas(ClsMkmzfb.java:1162)
	at generated.zzjh.oke.qnp.imkr.ClsNckkw.metDzcthc(ClsNckkw.java:60)
	at generated.hph.noesl.pngbk.pnh.ClsGgbpkgi.metSlxdms(ClsGgbpkgi.java:2601)
	at generated.gowdk.boa.ekkgi.ClsNprtyzr.metElhpet(ClsNprtyzr.java:2188)
	at generated.bih.rvx.tnvar.yidmq.exyg.ClsXofxsva.metPferol(ClsXofxsva.java:4726)
	at generated.bfsda.rinq.afbsg.lpvf.ClsGzifpbt.metDfugjk(ClsGzifpbt.java:46)
	at generated.iua.eaa.jnwzx.vxrjp.aelbk.ClsFysycl.metWrbvf(ClsFysycl.java:3067)
	at generated.cic.ahtu.fanef.xbut.xqxlf.ClsLaltf.metPahjxwp(ClsLaltf.java:47)
	at generated.fgb.vbrrw.ClsNzwer.metHuyekr(ClsNzwer.java:610)
	at generated.bwhs.odvq.xttrc.ClsZmpxb.metOjeinid(ClsZmpxb.java:1382)
	at generated.mpt.ysx.ClsXjxom.metJjqnosk(ClsXjxom.java:1023)
	at generated.rtk.lozsr.pbbdx.esr.ClsEmocxf.metXiatwo(ClsEmocxf.java:1458)
	at generated.inti.fuilb.kxju.ClsRecagav.metErwmuk(ClsRecagav.java:811)
	at generated.mcpm.kbu.tdnx.qzd.ClsQubnqlf.metSqbkyn(ClsQubnqlf.java:493)
	at generated.ernn.kvc.zijcu.nprom.ClsWwymlf.metUsowfvk(ClsWwymlf.java:402)
	at generated.trtto.hwplw.klhdl.lhceg.ClsKelexw.metKjqwv(ClsKelexw.java:240)
	at generated.jcx.sudv.ykeb.ClsSushc.metTlwnjc(ClsSushc.java:3946)
	at generated.krqiq.zoc.qjhx.ikb.ClsSfckqf.metUlgtqcz(ClsSfckqf.java:1205)
	at generated.rbzqj.edhu.anbnu.cutpv.uhfh.ClsRspagr.metOhmpm(ClsRspagr.java:759)
	at generated.opgah.fat.ClsNcwcnzn.metNcfxf(ClsNcwcnzn.java:384)
	at generated.qsr.ebam.izo.tpe.irmg.ClsNuctl.metAvwwx(ClsNuctl.java:69)
	at generated.bmbq.qfldp.ClsXxqwd.metHcmnkqd(ClsXxqwd.java:425)
	at generated.zsoy.gjyva.cazq.upa.ClsHgbjiq.metTtblwiz(ClsHgbjiq.java:73)
	at generated.gdsp.rwecz.jpn.rupb.ClsKmxrkx.metRsxivs(ClsKmxrkx.java:335)
	at generated.pplt.wgnur.xlmo.ClsNtyrl.metAlugwp(ClsNtyrl.java:70)
	at generated.lmdj.ajrrb.ishlv.ztxph.tha.ClsKyxotf.metGfjfyj(ClsKyxotf.java:456)
	at generated.uvofy.zpjpr.nqluf.ClsVcpjrc.metLpnqo(ClsVcpjrc.java:1551)
	at generated.ich.kqupe.ClsWjflsf.metOqjpuy(ClsWjflsf.java:522)
	at generated.ogzz.fstol.gjck.jce.julzk.ClsIatxdk.metFdrgi(ClsIatxdk.java:3248)
	at generated.ztvc.zbp.ymw.dzeb.tyy.ClsFsrqfux.metVxbgbzl(ClsFsrqfux.java:1099)
	at generated.avvix.wssk.zls.thwj.qbf.ClsXoxsdx.metWjmqvir(ClsXoxsdx.java:1527)
	at generated.xqux.ityzx.vjls.ztzau.ihedp.ClsOxjwrw.metStwykw(ClsOxjwrw.java:691)
	at generated.syobb.luc.gxg.bdb.plogb.ClsEqaloya.metMspwiw(ClsEqaloya.java:536)
	at generated.fnveh.xyaem.ClsKedap.metFclrjkb(ClsKedap.java:2658)
	at generated.peo.iqetu.atp.nlc.vjm.ClsIrlen.metEdpeio(ClsIrlen.java:538)
	at generated.srlaq.zvwe.btvi.fbwm.uzfah.ClsCimgyc.metMrshz(ClsCimgyc.java:544)
	at generated.yrlds.cak.xros.vmeqk.qki.ClsSyekt.metDclix(ClsSyekt.java:2943)
	at generated.sqttl.naw.hae.qkcv.xluav.ClsXzasx.metLghaupu(ClsXzasx.java:4174)
	at generated.axtla.odhx.yia.ClsYtlsp.metWnksbp(ClsYtlsp.java:863)
	at generated.buv.iiiol.wfdfw.ClsBdfxrud.metLhjabqc(ClsBdfxrud.java:1740)
	at generated.ukzw.rfxso.ClsMlbda.metIxfrdxm(ClsMlbda.java:962)
	at generated.bhleu.lxd.ClsNehlwas.metIyqmyk(ClsNehlwas.java:763)
	at generated.kreho.vta.ClsDiibfy.metIgoiys(ClsDiibfy.java:241)
	at generated.kreho.vta.ClsDiibfy.metIgoiys(ClsDiibfy.java:237)
	at generated.cic.ahtu.fanef.xbut.xqxlf.ClsLaltf.metFixbdno(ClsLaltf.java:510)
	at generated.ytyu.cfk.pjl.ClsVyjfpv.metEntrot(ClsVyjfpv.java:174)
	at generated.rclz.dlou.bqmt.onrf.klh.ClsKebmig.metIacgzx(ClsKebmig.java:472)
	at generated.oxmq.ibp.ClsAzvic.metLrtonio(ClsAzvic.java:3117)
	at generated.xah.bbj.sjr.fgdec.uozo.ClsJnbof.metSojho(ClsJnbof.java:2214)
	at generated.tcb.msbz.axc.ClsOvoxha.metRprgb(ClsOvoxha.java:574)
	at generated.lte.rgv.lujwl.ClsGgrlp.metUwtccph(ClsGgrlp.java:1462)
	at generated.rtn.zozdh.ClsAxsukq.metEdbxf(ClsAxsukq.java:1211)
	at generated.bnbgc.vrph.riw.wnah.xivx.ClsSkbqss.metGuyinzr(ClsSkbqss.java:656)
	at generated.jrtu.rpidv.gjsav.ziz.ClsEnrxzum.metEhort(ClsEnrxzum.java:931)
	at generated.ybg.zysjo.xxe.ypq.jxpa.ClsYdhdu.metCvkjxu(ClsYdhdu.java:119)
	at generated.sbz.smncn.luak.ClsNaifcw.metEnpkf(ClsNaifcw.java:484)
	at generated.rvddz.voy.lbmi.cmihi.ClsUxxrsqp.metExgmt(ClsUxxrsqp.java:2200)
	at generated.eucx.bdq.rumz.ClsPeghy.metPuqrt(ClsPeghy.java:1322)
	at generated.mkn.cjy.yvb.jgi.ClsFdjouhz.metNtoup(ClsFdjouhz.java:2376)
	at generated.jxybg.zdrpp.iqm.awrq.hlbn.ClsYsgpfym.metNlumm(ClsYsgpfym.java:75)
	at generated.sidz.zwija.abeu.ClsSwddcfz.metOynra(ClsSwddcfz.java:74)
	at generated.mpt.ysx.ClsXjxom.metWcobd(ClsXjxom.java:44)
	at generated.bnmnp.ffl.owa.effwj.yad.ClsNtvwom.metXhhzcgy(ClsNtvwom.java:82)
	at generated.jcx.sudv.ykeb.ClsSushc.metCchwoh(ClsSushc.java:4030)
	at generated.mjph.fda.ktn.izzd.ClsWatock.metDyxbby(ClsWatock.java:2762)
	at generated.Switcher.call1(Switcher.java:1876)
	at generated.Switcher.call(Switcher.java:25)
	at generated.Switcher.call(Switcher.java:10)
	at helpers.Main.main(Main.java:22)
java.lang.IllegalStateException: Time for exception, context is counter = 101
	at generated.sgs.dmpy.hgxj.dznnu.ClsOptvtub.metOyrbqgu(ClsOptvtub.java:34)
	at generated.qxefi.wgs.rftg.xdpid.akmvw.ClsCkxegiq.metMhqqb(ClsCkxegiq.java:896)
	at generated.yhb.pkvl.frwwd.vvjv.ClsQzmok.metKsxht(ClsQzmok.java:42)
	at generated.aurt.jsch.ClsNhvzlcm.metDsvueiu(ClsNhvzlcm.java:643)
	at generated.hhmtv.zykbw.ywla.mqbv.yogvd.ClsUruzp.metZzaohdy(ClsUruzp.java:2643)
	at generated.uesvi.rft.ajls.mid.nhgmy.ClsAahsx.metWpqasx(ClsAahsx.java:305)
	at generated.gtqd.sddj.omoh.ClsGvpsrb.metVtvprw(ClsGvpsrb.java:1191)
	at generated.xdduy.dahuy.fnmy.ClsUyiwojg.metNzasmm(ClsUyiwojg.java:1116)
	at generated.gep.rzsvv.xou.ejs.ClsMrbwq.metIuatllx(ClsMrbwq.java:634)
	at generated.nafj.jzqp.dcdi.znmy.ClsVnrkru.metHzwvwt(ClsVnrkru.java:61)
	at generated.fxcp.qgpfs.ybgzm.ClsPuabr.metRnrpvj(ClsPuabr.java:579)
	at generated.uxf.bjoh.asvi.vcg.ClsVqfnzz.metOltoi(ClsVqfnzz.java:923)
	at generated.zgyxe.medw.uxfy.awds.kmyu.ClsKcjlqz.metJmfpp(ClsKcjlqz.java:1030)
	at generated.aqy.cxuu.tor.ClsCpdzf.metGmvmhmy(ClsCpdzf.java:1913)
	at generated.mohd.weyh.blqub.hzv.bbcp.ClsGvmuq.metFbubol(ClsGvmuq.java:126)
	at generated.wro.lkxq.ClsNewegd.metTajbl(ClsNewegd.java:1277)
	at generated.luk.nzo.vsm.vhrx.ClsMcazrnx.metTvcgch(ClsMcazrnx.java:3354)
	at generated.cbxki.txkm.adqc.ncp.ClsFvzdf.metJqngdqe(ClsFvzdf.java:53)
	at generated.ytec.kmrx.ClsElumw.metFdowt(ClsElumw.java:2257)
	at generated.tfnnz.orm.umdj.fyyt.htth.ClsIhyfe.metPowhu(ClsIhyfe.java:579)
	at generated.sgsv.koj.kji.eme.ClsVwmyk.metPaqqh(ClsVwmyk.java:1204)
	at generated.mnhyx.gzlhn.mbnh.ClsRpcket.metJpiwtk(ClsRpcket.java:1348)
	at generated.qidp.cjgt.aye.rfja.ClsKdofn.metPebczr(ClsKdofn.java:54)
	at generated.dxl.nqrsc.nijle.ClsKoudm.metCkxtcp(ClsKoudm.java:245)
	at generated.uxf.bjoh.asvi.vcg.ClsVqfnzz.metMdpgpd(ClsVqfnzz.java:841)
	at generated.jkbz.avcqh.rezwp.eqkio.rjwyj.ClsUfgwyt.metNbldyuu(ClsUfgwyt.java:3301)
	at generated.oupfw.stkn.qupt.eqton.ClsIvvkcz.metFasxeg(ClsIvvkcz.java:1191)
	at generated.tgv.qxweh.jryj.sny.ifkaa.ClsIixblq.metUdkces(ClsIixblq.java:454)
	at generated.jnd.hlyaf.lpdh.ClsFkvsin.metFizfj(ClsFkvsin.java:588)
	at generated.ixuq.pjpch.bsjs.gtiu.ziyvo.ClsLnjxq.metTlvnkzb(ClsLnjxq.java:324)
	at generated.ogvc.srwxz.yumkh.ClsLrwvw.metOnebj(ClsLrwvw.java:1091)
	at generated.ygfnt.lck.hyitz.wuk.ltyne.ClsClpmy.metEcphj(ClsClpmy.java:1227)
	at generated.ltqh.wcuze.tlch.bjkh.ClsQntuqa.metCxmhta(ClsQntuqa.java:104)
	at generated.fhmav.ckrkt.ixbm.alxp.fyu.ClsGcmaif.metDsfwni(ClsGcmaif.java:1970)
	at generated.juo.ylbw.skydn.aag.ClsUnyrvhw.metPmlnw(ClsUnyrvhw.java:1738)
	at generated.kfbv.jhrjv.pxpki.wth.ClsLmcysaf.metAwtmtii(ClsLmcysaf.java:2550)
	at generated.tohib.pgj.kii.qsji.ClsMdbwmd.metBchifb(ClsMdbwmd.java:1214)
	at generated.thbao.caq.ffw.ClsTdyqha.metSxhbxw(ClsTdyqha.java:148)
	at generated.fzl.xoxqh.vzjs.mpbxr.acelj.ClsDpthz.metWabvai(ClsDpthz.java:1096)
	at generated.yspu.gfv.vkj.oqfod.ClsLdypo.metEvegcd(ClsLdypo.java:333)
	at generated.nafj.jzqp.dcdi.znmy.ClsVnrkru.metHzwvwt(ClsVnrkru.java:60)
	at generated.nxs.kyr.lnqo.tknc.ccw.ClsUnfuo.metHuxwh(ClsUnfuo.java:3059)
	at generated.boqu.sbq.afu.ueq.ozxhs.ClsAbwor.metJunrs(ClsAbwor.java:365)
	at generated.pkiuv.uoyqr.fvegp.ClsVuupaf.metVxzofq(ClsVuupaf.java:1171)
	at generated.fbuhe.deize.tyzoc.vmgq.jjbw.ClsSlejqhi.metFchln(ClsSlejqhi.java:1669)
	at generated.fpwl.umghi.ehmv.ClsHtgssc.metYgohb(ClsHtgssc.java:1058)
	at generated.iizw.xtnpj.vtu.pzyko.mjr.ClsIwwhuk.metNcvsikd(ClsIwwhuk.java:701)
	at generated.hgb.wrc.upshs.nvgip.evea.ClsAkwaw.metPznrx(ClsAkwaw.java:1040)
	at generated.larfl.jlic.ofxz.zjmlj.ClsJzdkeyx.metWqcumx(ClsJzdkeyx.java:1109)
	at generated.nff.xanb.npou.lpi.hhioi.ClsTvfwwdv.metMqnjvu(ClsTvfwwdv.java:1504)
	at generated.gar.qfyb.rkd.ClsBxywiib.metYbcvleg(ClsBxywiib.java:3330)
	at generated.kxp.hpgff.ClsPobors.metBrzeyx(ClsPobors.java:1717)
	at generated.fvkkw.allh.lfee.ClsQgpnck.metGdwslp(ClsQgpnck.java:675)
	at generated.dzw.ovwse.nmk.umzj.jgkjv.ClsNksot.metBjtzq(ClsNksot.java:608)
	at generated.uue.amxh.ClsCxwioc.metZqhjy(ClsCxwioc.java:3052)
	at generated.sqb.rqbgq.ptu.wyw.ClsBmiqdd.metYilnzk(ClsBmiqdd.java:63)
	at generated.htmn.zkmuh.laazz.ewgw.ClsJlliuv.metJjcxaea(ClsJlliuv.java:80)
	at generated.nufr.ahqqa.ClsUnzlskj.metZuktg(ClsUnzlskj.java:61)
	at generated.fzl.xoxqh.vzjs.mpbxr.acelj.ClsDpthz.metZlggcd(ClsDpthz.java:2554)
	at generated.ejcr.grk.etth.kkd.khkp.ClsRvpuf.metTdizs(ClsRvpuf.java:1857)
	at generated.rvoae.ubba.lhxov.ClsFolbn.metWwcrh(ClsFolbn.java:476)
	at generated.fvkkw.allh.lfee.ClsQgpnck.metXqeljw(ClsQgpnck.java:321)
	at generated.bxf.iwmti.tnya.lxr.ClsVwjgxd.metDpmncu(ClsVwjgxd.java:608)
	at generated.ylt.zclq.smolt.usq.ClsZlmfzo.metUrxqjl(ClsZlmfzo.java:1092)
	at generated.yooke.vedjm.szt.edrp.ClsVkebfj.metVusyq(ClsVkebfj.java:1710)
	at generated.jxvev.kmwy.yle.qao.ClsEkrxe.metXnpgnab(ClsEkrxe.java:282)
	at generated.cooh.uxjdq.ClsFolwwo.metBcoman(ClsFolwwo.java:54)
	at generated.ahh.nwb.qcydo.fqhof.ClsLliqd.metUtlkhh(ClsLliqd.java:54)
	at generated.iizw.xtnpj.vtu.pzyko.mjr.ClsIwwhuk.metDajwaxk(ClsIwwhuk.java:430)
	at generated.ensbv.sgpqm.irdb.outy.paso.ClsBdzql.metJdylqi(ClsBdzql.java:545)
	at generated.zvwbf.fams.sbj.raeuv.qkjzh.ClsNhjruu.metLycur(ClsNhjruu.java:812)
	at generated.uue.amxh.ClsCxwioc.metBjibsfc(ClsCxwioc.java:262)
	at generated.lbus.lvnmd.ewoo.tobd.ClsQihtec.metWhxab(ClsQihtec.java:3726)
	at generated.ynlcy.lnsj.ClsCpcpz.metZjiyv(ClsCpcpz.java:400)
	at generated.wgs.lqt.wcw.ClsJywcz.metLjbrg(ClsJywcz.java:1160)
	at generated.craal.bslif.jggf.lvugd.ClsAxhehn.metXwgbrt(ClsAxhehn.java:437)
	at generated.namd.gfhr.wve.fsxi.jaciu.ClsPuacbqo.metOaece(ClsPuacbqo.java:2907)
	at generated.glgu.mtw.imi.uqcd.ClsFxzwt.metKmtqeqv(ClsFxzwt.java:1562)
	at generated.xomvg.gow.ihv.rwmiz.ClsAnica.metAdtleih(ClsAnica.java:2567)
	at generated.ixuq.pjpch.bsjs.gtiu.ziyvo.ClsLnjxq.metTlvnkzb(ClsLnjxq.java:320)
	at generated.wmcka.nuj.lqr.qqrxr.krxe.ClsVmwieg.metDpqektu(ClsVmwieg.java:93)
	at generated.pkkj.wpn.jyjnj.gwljq.hfoek.ClsIzjuxp.metNcesigf(ClsIzjuxp.java:626)
	at generated.uwshx.lpv.niv.fksu.ClsRbxyb.metCosxmx(ClsRbxyb.java:482)
	at generated.hek.aveoa.auejf.jzc.ClsJmyjhs.metBrfuj(ClsJmyjhs.java:59)
	at generated.bqzo.xiae.ClsKkliyen.metLltzsz(ClsKkliyen.java:2228)
	at generated.iwgpz.omflp.aokw.stkla.ClsEozjxi.metImsqm(ClsEozjxi.java:437)
	at generated.usvbp.qrfh.doc.qflyz.ClsVcubl.metNvfsnr(ClsVcubl.java:858)
	at generated.tgv.qxweh.jryj.sny.ifkaa.ClsIixblq.metUdkces(ClsIixblq.java:445)
	at generated.ero.lulml.ngtzb.hkk.trom.ClsBtoxlfw.metEubxo(ClsBtoxlfw.java:411)
	at generated.pjj.bvaka.ClsQowseb.metSwalhx(ClsQowseb.java:2314)
	at generated.pilx.dozw.ClsXxofw.metFncdmqx(ClsXxofw.java:2997)
	at generated.rhi.muz.ClsXcszvl.metOpsyxw(ClsXcszvl.java:249)
	at generated.gep.rzsvv.xou.ejs.ClsMrbwq.metCwiwp(ClsMrbwq.java:1559)
	at generated.pcmxu.afoc.vtpf.iaaod.uqtw.ClsEngdjx.metUtrlwm(ClsEngdjx.java:286)
	at generated.tbkck.qruiy.qbt.ijrh.eow.ClsGcdxq.metPgyetuj(ClsGcdxq.java:1822)
	at generated.rcado.twec.nbwfq.vqxhs.ClsMyvmn.metQxmxll(ClsMyvmn.java:610)
	at generated.tfnnz.orm.umdj.fyyt.htth.ClsIhyfe.metPowhu(ClsIhyfe.java:570)
	at generated.tbkck.qruiy.qbt.ijrh.eow.ClsGcdxq.metPgyetuj(ClsGcdxq.java:1821)
	at generated.mfdp.smu.gdfl.rnjx.ClsQbdhvq.metVtjzapq(ClsQbdhvq.java:319)
	at generated.tdu.dsdqw.ClsPudlkf.metJvrogxf(ClsPudlkf.java:1446)
	at generated.oxphc.sawar.izh.larw.ClsKbxhk.metSibnnc(ClsKbxhk.java:2040)
	at generated.ngga.uygk.ijytb.nbxo.ClsRatjhdh.metZbslqr(ClsRatjhdh.java:119)
	at generated.Switcher.call1(Switcher.java:1575)
	at generated.Switcher.call(Switcher.java:25)
	at generated.Switcher.call(Switcher.java:10)
	at helpers.Main.main(Main.java:22)
java.lang.IllegalStateException: Time for exception, context is counter = 101
	at generated.hph.noesl.pngbk.pnh.ClsGgbpkgi.metVuhukuz(ClsGgbpkgi.java:53)
	at generated.bmtf.nxmyr.ClsUrfuhmh.metPnwzuxf(ClsUrfuhmh.java:444)
	at generated.lurjz.xti.zrn.gly.ClsUsnrj.metUgpksux(ClsUsnrj.java:1580)
	at generated.buv.iiiol.wfdfw.ClsBdfxrud.metLhjabqc(ClsBdfxrud.java:1737)
	at generated.qaxur.ohx.doyz.zdfj.uqq.ClsIbhnysy.metVwelcd(ClsIbhnysy.java:86)
	at generated.equzd.jvjxq.lbxs.ClsNzgacn.metMruyg(ClsNzgacn.java:271)
	at generated.sgemi.yezwm.wvb.csge.wvy.ClsJkrfgt.metHnpcbl(ClsJkrfgt.java:4068)
	at generated.zwfgi.cppfy.wkmi.bghpm.tlktp.ClsIdpogbw.metUupanv(ClsIdpogbw.java:1168)
	at generated.ekk.tii.ClsDndib.metUixsqi(ClsDndib.java:1559)
	at generated.equzd.jvjxq.lbxs.ClsNzgacn.metGsxhjus(ClsNzgacn.java:486)
	at generated.soxe.pweao.ClsKncwo.metMqqvrxg(ClsKncwo.java:55)
	at generated.etk.lva.ClsBwmtzgk.metEtvtj(ClsBwmtzgk.java:1264)
	at generated.flmv.seubv.ClsMdcxpcy.metZqlmor(ClsMdcxpcy.java:53)
	at generated.isj.fpypx.hestm.aiw.qma.ClsLlbiqs.metGkbktg(ClsLlbiqs.java:1098)
	at generated.pke.mtysi.xnmr.lzmj.ClsLwdkv.metIdkbs(ClsLwdkv.java:241)
	at generated.ijnu.jkql.ClsMvhqs.metSmjhrot(ClsMvhqs.java:1892)
	at generated.bns.xrpx.ClsCfdjci.metVyqgvps(ClsCfdjci.java:319)
	at generated.cshw.ymw.pwdtv.gvv.rbc.ClsJwxvxp.metQinxiab(ClsJwxvxp.java:186)
	at generated.grzzb.qbeoq.ClsAzhbpi.metFjquy(ClsAzhbpi.java:2667)
	at generated.hmd.gvnbl.kpcws.gqp.ClsVuvzf.metYjupgcq(ClsVuvzf.java:249)
	at generated.dxwr.hyp.ClsJsxeck.metXdhoz(ClsJsxeck.java:42)
	at generated.pnhoz.hrig.ClsSutoibq.metIbqbhka(ClsSutoibq.java:2006)
	at generated.cfj.ntqo.zmimv.ClsGltai.metTksmrif(ClsGltai.java:600)
	at generated.hqm.pxgwy.ClsJvdicif.metZruzs(ClsJvdicif.java:490)
	at generated.kmzj.qyz.fdg.ughjl.lugs.ClsPxdqfzm.metGcchil(ClsPxdqfzm.java:1961)
	at generated.ryvkb.eyry.ClsIpjill.metUljgy(ClsIpjill.java:60)
	at generated.xcbqf.eycoj.dsup.hzpq.ClsJnmab.metUhcyyf(ClsJnmab.java:1588)
	at generated.spzzb.pwln.hbgau.ClsIoweug.metGgvakv(ClsIoweug.java:4846)
	at generated.havup.wdc.ClsNvmvom.metHeideh(ClsNvmvom.java:49)
	at generated.vno.gjt.ClsRvdcvid.metRwnpbud(ClsRvdcvid.java:2269)
	at generated.kljoo.vglv.oezcc.tmue.ctsy.ClsOvdpgof.metQnqwcoc(ClsOvdpgof.java:99)
	at generated.lte.rgv.lujwl.ClsGgrlp.metJboijdk(ClsGgrlp.java:2244)
	at generated.gna.aka.ClsYtyqdx.metYrpcv(ClsYtyqdx.java:2647)
	at generated.yyszs.wrim.wwjp.eqyny.ClsWqbpfe.metLvwdm(ClsWqbpfe.java:549)
	at generated.lsu.uzlla.iqlqv.ClsJbmuy.metRhhyb(ClsJbmuy.java:62)
	at generated.jaqti.ppig.ClsNaitbq.metVrxaiv(ClsNaitbq.java:69)
	at generated.axtla.odhx.yia.ClsYtlsp.metWnksbp(ClsYtlsp.java:864)
	at generated.dmqbv.mqe.ClsOejqxj.metNkaxn(ClsOejqxj.java:54)
	at generated.vmp.dyd.yboh.ClsSzpxcx.metVqbmcas(ClsSzpxcx.java:673)
	at generated.xah.bbj.sjr.fgdec.uozo.ClsJnbof.metXekvber(ClsJnbof.java:1649)
	at generated.flmv.seubv.ClsMdcxpcy.metZqlmor(ClsMdcxpcy.java:52)
	at generated.dtwd.sarp.ClsEgppnif.metYglqxp(ClsEgppnif.java:65)
	at generated.tqvwn.qwbhw.njamt.ClsTxzono.metHbzvbz(ClsTxzono.java:2642)
	at generated.kapzq.lta.oof.hep.ClsHozhhf.metVctyct(ClsHozhhf.java:840)
	at generated.opgah.fat.ClsNcwcnzn.metMwawhcv(ClsNcwcnzn.java:703)
	at generated.uvofy.zpjpr.nqluf.ClsVcpjrc.metVtkyzsi(ClsVcpjrc.java:1145)
	at generated.vxqh.pcws.ous.ClsYqpot.metWxzpkgo(ClsYqpot.java:1534)
	at generated.jju.ataqu.nji.msxz.ClsWpajn.metVvmpejz(ClsWpajn.java:2771)
	at generated.vqq.axnq.zxf.ckar.ClsXwoli.metQquwb(ClsXwoli.java:2123)
	at generated.vqq.axnq.zxf.ckar.ClsXwoli.metZfszlp(ClsXwoli.java:1486)
	at generated.mkj.nme.fyt.ClsXnjbn.metLqcemc(ClsXnjbn.java:2865)
	at generated.jnd.elldw.ClsQnmbxwo.metHunvotp(ClsQnmbxwo.java:211)
	at generated.yzkg.yvns.vvz.ClsQyfcep.metApuilf(ClsQyfcep.java:1297)
	at generated.wkb.lxje.kwdy.diuks.kgqs.ClsCofes.metYihzan(ClsCofes.java:51)
	at generated.jeoro.wzrdm.tpyi.wpuh.irsdh.ClsTsfpcn.metHupsnvz(ClsTsfpcn.java:1327)
	at generated.ygdnp.cltof.omv.ClsWsphncz.metJqazfp(ClsWsphncz.java:1105)
	at generated.bxkrz.ihqx.puv.opu.sks.ClsSqescg.metWirnb(ClsSqescg.java:492)
	at generated.ayv.dcph.ClsJdcibu.metOocig(ClsJdcibu.java:320)
	at generated.ucbev.homwk.qyou.nmq.ClsQygls.metDfzuo(ClsQygls.java:451)
	at generated.daj.qlz.abzb.nowm.hrfz.ClsQhgfpd.metEhtpbgn(ClsQhgfpd.java:1044)
	at generated.genek.shkn.nlk.sad.zmwb.ClsBpplewx.metOaxdce(ClsBpplewx.java:55)
	at generated.soxe.pweao.ClsKncwo.metMqqvrxg(ClsKncwo.java:53)
	at generated.eeqf.zzop.efsk.ClsFyryl.metDjvtyg(ClsFyryl.java:226)
	at generated.vuakq.bcaod.tmx.ClsTunbte.metQmmgl(ClsTunbte.java:1013)
	at generated.dagj.jamk.ClsIdazfk.metSbrcl(ClsIdazfk.java:696)
	at generated.rclz.dlou.bqmt.onrf.klh.ClsKebmig.metIacgzx(ClsKebmig.java:481)
	at generated.lte.rgv.lujwl.ClsGgrlp.metQzpkcc(ClsGgrlp.java:1947)
	at generated.zko.duma.ClsOsvaza.metMhtgx(ClsOsvaza.java:778)
	at generated.rclz.dlou.bqmt.onrf.klh.ClsKebmig.metRhiupmd(ClsKebmig.java:53)
	at generated.dxuk.wct.ibxl.bdy.ClsDineig.metQzbhoan(ClsDineig.java:834)
	at generated.buv.iiiol.wfdfw.ClsBdfxrud.metVuuwccj(ClsBdfxrud.java:3665)
	at generated.hmbqi.krdl.agy.drha.ClsJdnzhpo.metAgstbd(ClsJdnzhpo.java:505)
	at generated.rbzqj.edhu.anbnu.cutpv.uhfh.ClsRspagr.metOhmpm(ClsRspagr.java:756)
	at generated.opgah.fat.ClsNcwcnzn.metNcfxf(ClsNcwcnzn.java:384)
	at generated.fquni.nnq.pwdfa.gkkpo.rjjp.ClsItvfrm.metEtwserm(ClsItvfrm.java:266)
	at generated.ryy.oopd.ClsMnfah.metAtbbf(ClsMnfah.java:1120)
	at generated.itqdu.ssvdj.gmyn.hhy.ClsQguoeeg.metKspjor(ClsQguoeeg.java:475)
	at generated.trx.tfs.kygre.qgw.ovryz.ClsFfkjlo.metNrfbp(ClsFfkjlo.java:1637)
	at generated.orcpm.pclj.ClsTmzmg.metImaldu(ClsTmzmg.java:780)
	at generated.itqdu.ssvdj.gmyn.hhy.ClsQguoeeg.metLqcicwf(ClsQguoeeg.java:1471)
	at generated.rdsfg.sqml.zzx.ClsEpccik.metZzrutfg(ClsEpccik.java:3162)
	at generated.ozel.lvbzh.avigt.hmmru.gbke.ClsBcqkso.metPjxgks(ClsBcqkso.java:1859)
	at generated.qbssk.bpag.uqufs.lxwp.qlu.ClsDdosn.metBwtuj(ClsDdosn.java:42)
	at generated.bue.llo.ClsHxnculc.metCxiolps(ClsHxnculc.java:617)
	at generated.zmd.nfvl.cticp.tgbs.ClsUkmioh.metXebdipg(ClsUkmioh.java:685)
	at generated.omfjn.dylyk.hgnkd.ClsZldyyg.metKzqtjm(ClsZldyyg.java:40)
	at generated.uzozn.aegbf.nvyi.ClsMoiwomy.metSmanj(ClsMoiwomy.java:579)
	at generated.vofwk.gnxp.nxc.ClsGxxpi.metZwumfkq(ClsGxxpi.java:1235)
	at generated.lat.rfya.gmtg.ClsZzbmu.metNlehc(ClsZzbmu.java:2244)
	at generated.dvtz.mne.uxw.ClsJhhcdz.metPpisk(ClsJhhcdz.java:678)
	at generated.limxt.zzvwm.lzxyh.ifisk.bjz.ClsOxyseb.metWzwkmfc(ClsOxyseb.java:2868)
	at generated.kmweb.htud.ClsXlzob.metWpypr(ClsXlzob.java:845)
	at generated.jeb.yrrgi.nfg.mshor.ClsZcfwnpj.metFrewrb(ClsZcfwnpj.java:2568)
	at generated.xyu.vddx.xwkn.inrm.ClsDdgatnn.metBlqgnd(ClsDdgatnn.java:1433)
	at generated.uckml.yhsk.ClsVerpaiu.metNsmvi(ClsVerpaiu.java:45)
	at generated.vuakq.bcaod.tmx.ClsTunbte.metStzfkfz(ClsTunbte.java:1870)
	at generated.ekk.tii.ClsDndib.metSorlpsi(ClsDndib.java:678)
	at generated.qsr.ebam.izo.tpe.irmg.ClsNuctl.metAvwwx(ClsNuctl.java:74)
	at generated.bmbq.qfldp.ClsXxqwd.metFuqwsxn(ClsXxqwd.java:1167)
	at generated.lhzu.yhu.ClsTwibaxg.metAacqp(ClsTwibaxg.java:699)
	at generated.bnmnp.ffl.owa.effwj.yad.ClsNtvwom.metIepoqm(ClsNtvwom.java:523)
	at generated.qco.nqlad.odkz.wmyxj.ClsYikkz.metVmsqdau(ClsYikkz.java:3463)
	at generated.Switcher.call1(Switcher.java:1272)
	at generated.Switcher.call(Switcher.java:25)
	at generated.Switcher.call(Switcher.java:10)
	at helpers.Main.main(Main.java:22)
java.lang.IllegalStateException: Time for exception, context is counter = 101
	at generated.swr.dhi.lqm.mlyul.rbon.ClsJknjrz.metJmddz(ClsJknjrz.java:921)
	at generated.mrn.nowr.vrg.dwlav.ClsPoxsrbb.metEdejf(ClsPoxsrbb.java:1453)
	at generated.lfau.dep.ClsUowtlhu.metTkqgcz(ClsUowtlhu.java:108)
	at generated.ouv.sjm.ClsYzcbm.metQlgie(ClsYzcbm.java:1106)
	at generated.bmnnm.rjhkr.ClsPalusdi.metQgqcds(ClsPalusdi.java:1186)
	at generated.hmd.gvnbl.kpcws.gqp.ClsVuvzf.metPkosjn(ClsVuvzf.java:937)
	at generated.mzr.myb.tgnb.enhp.pqfro.ClsQahfda.metZysmu(ClsQahfda.java:90)
	at generated.zur.rvfgv.ClsNdbahx.metXholo(ClsNdbahx.java:1549)
	at generated.vofwk.gnxp.nxc.ClsGxxpi.metJwxeo(ClsGxxpi.java:790)
	at generated.jju.ataqu.nji.msxz.ClsWpajn.metXjrwny(ClsWpajn.java:3342)
	at generated.mkn.cjy.yvb.jgi.ClsFdjouhz.metNtoup(ClsFdjouhz.java:2383)
	at generated.prbaq.vivwz.ClsDczgyp.metXddidb(ClsDczgyp.java:707)
	at generated.rkasv.eqpgi.ClsOsxgpjp.metJizqifk(ClsOsxgpjp.java:41)
	at generated.zmhhy.bzr.lliop.fme.tfeo.ClsQkcrgv.metVoyof(ClsQkcrgv.java:1651)
	at generated.uzozn.aegbf.nvyi.ClsMoiwomy.metEkhmq(ClsMoiwomy.java:1185)
	at generated.atsa.uivm.pcbva.fqrh.hkkl.ClsTahmvac.metVycalfm(ClsTahmvac.java:3060)
	at generated.snh.ivwin.sivy.nzwxu.ClsQshhqrb.metMhoue(ClsQshhqrb.java:341)
	at generated.jsm.abv.ClsJfeopc.metMimxijy(ClsJfeopc.java:1780)
	at generated.gef.mgbg.ClsDgfotrc.metYntdxjf(ClsDgfotrc.java:2022)
	at generated.bntvf.fso.drjyt.zsbrb.ClsLhytpt.metNvcdrk(ClsLhytpt.java:626)
	at generated.dvhb.ahsy.ClsZolkxq.metVswrfku(ClsZolkxq.java:336)
	at generated.jtm.birar.ewewa.pkrts.prah.ClsHycdrxu.metVbysqkd(ClsHycdrxu.java:929)
	at generated.ejs.semh.npn.xjd.ynwmc.ClsEjynmmp.metCgfmcas(ClsEjynmmp.java:638)
	at generated.zaq.cex.tan.avf.yuwx.ClsOqkuif.metLikfvb(ClsOqkuif.java:56)
	at generated.dagj.jamk.ClsIdazfk.metRyvrino(ClsIdazfk.java:52)
	at generated.morpr.vqmt.ClsPxfwft.metXaooy(ClsPxfwft.java:2540)
	at generated.jhpsv.fbumi.idyac.ClsPnxbz.metGgrewx(ClsPnxbz.java:1604)
	at generated.isj.fpypx.hestm.aiw.qma.ClsLlbiqs.metHfpuu(ClsLlbiqs.java:724)
	at generated.pwwe.dtpc.flmj.qfnht.ClsEinptn.metWzehcy(ClsEinptn.java:2511)
	at generated.rtn.zozdh.ClsAxsukq.metEdbxf(ClsAxsukq.java:1208)
	at generated.jrtu.rpidv.gjsav.ziz.ClsEnrxzum.metMhoxxb(ClsEnrxzum.java:362)
	at generated.lkwrf.jjq.eqd.cme.ClsHgvzp.metGhxyqrh(ClsHgvzp.java:2680)
	at generated.icij.lhol.ozhwd.ClsKrzplaa.metAwslk(ClsKrzplaa.java:254)
	at generated.daj.qlz.abzb.nowm.hrfz.ClsQhgfpd.metEhtpbgn(ClsQhgfpd.java:1043)
	at generated.ekk.tii.ClsDndib.metZrstjgz(ClsDndib.java:1822)
	at generated.rheo.tph.ClsPhvkc.metOimivvs(ClsPhvkc.java:738)
	at generated.vayr.iujaj.oevac.rfff.pmn.ClsLfjiooe.metPsmskbv(ClsLfjiooe.java:56)
	at generated.mcpm.kbu.tdnx.qzd.ClsQubnqlf.metIgvvsvy(ClsQubnqlf.java:659)
	at generated.bnp.mjwq.cwd.ClsPieqrm.metYamzxc(ClsPieqrm.java:905)
	at generated.ekk.tii.ClsDndib.metSorlpsi(ClsDndib.java:679)
	at generated.iiwcw.feoy.xlwc.ClsEatinzm.metOoitbf(ClsEatinzm.java:1327)
	at generated.kjfwl.mxjfu.ClsDpgsc.metQvdzfa(ClsDpgsc.java:1103)
	at generated.jsm.abv.ClsJfeopc.metWeuizen(ClsJfeopc.java:1236)
	at generated.urn.plzkd.qvpk.ued.ClsRhxif.metQmobz(ClsRhxif.java:61)
	at generated.ozel.lvbzh.avigt.hmmru.gbke.ClsBcqkso.metQdggy(ClsBcqkso.java:407)
	at generated.nngi.yvevu.rkyg.lqlc.ClsRcaohkj.metLokkynz(ClsRcaohkj.java:53)
	at generated.ociny.tcs.sbgu.bgdh.idw.ClsNuyrutz.metJjttgic(ClsNuyrutz.java:1095)
	at generated.dfgr.wxhv.ClsImqiwcj.metNfagvrs(ClsImqiwcj.java:372)
	at generated.mtfb.gudd.efvql.ClsEfgrhd.metHscig(ClsEfgrhd.java:666)
	at generated.vofwk.gnxp.nxc.ClsGxxpi.metBeaxln(ClsGxxpi.java:2121)
	at generated.mpt.ysx.ClsXjxom.metQlopnqu(ClsXjxom.java:567)
	at generated.cduc.yqm.dwale.ClsKaikrws.metYzbpm(ClsKaikrws.java:778)
	at generated.okyu.tkg.hoqx.ozbov.hbk.ClsBstqcsc.metLjygb(ClsBstqcsc.java:339)
	at generated.vtid.nzfxi.ljrl.osvzu.qwkxm.ClsPjdnutx.metZukgqa(ClsPjdnutx.java:164)
	at generated.fdzdr.fwo.jva.kia.argpu.ClsHvsgy.metLzxwahu(ClsHvsgy.java:1430)
	at generated.pplt.wgnur.xlmo.ClsNtyrl.metSemxu(ClsNtyrl.java:2513)
	at generated.mfkzi.qyze.drwbq.ClsZgdjbgc.metCliybzr(ClsZgdjbgc.java:1401)
	at generated.qbssk.bpag.uqufs.lxwp.qlu.ClsDdosn.metHnoiit(ClsDdosn.java:692)
	at generated.jeoro.wzrdm.tpyi.wpuh.irsdh.ClsTsfpcn.metOuzeies(ClsTsfpcn.java:1990)
	at generated.eucx.bdq.rumz.ClsPeghy.metSpaza(ClsPeghy.java:559)
	at generated.rkfbi.wdpio.jwkwk.ClsGmjraa.metYkhvxg(ClsGmjraa.java:1550)
	at generated.mvo.gvwtk.ptd.likkn.okkj.ClsTcmzqn.metHaphsh(ClsTcmzqn.java:464)
	at generated.xrk.guzfy.ClsKmtrjha.metBsigd(ClsKmtrjha.java:1107)
	at generated.lsu.uzlla.iqlqv.ClsJbmuy.metYcljxgs(ClsJbmuy.java:1838)
	at generated.bjtpu.syff.wzd.ClsWzmmc.metMgcmiq(ClsWzmmc.java:1811)
	at generated.eeqf.zzop.efsk.ClsFyryl.metDjvtyg(ClsFyryl.java:227)
	at generated.xvwc.dbaq.cvagv.ClsPdlhv.metZdkuux(ClsPdlhv.java:542)
	at generated.kko.ejjm.zudgb.gybhp.pytd.ClsLtqvk.metLdjtuh(ClsLtqvk.java:1586)
	at generated.icuj.zygd.ypo.vwsbp.aaee.ClsMzdid.metMptphse(ClsMzdid.java:1353)
	at generated.bns.xrpx.ClsCfdjci.metVyqgvps(ClsCfdjci.java:312)
	at generated.ukzw.rfxso.ClsMlbda.metVxzxe(ClsMlbda.java:363)
	at generated.vxje.brejs.dyg.ClsSfcpj.metNrlxl(ClsSfcpj.java:3581)
	at generated.ltnuy.wsqtw.peeik.tunxj.yegal.ClsXnhhon.metHsfsh(ClsXnhhon.java:397)
	at generated.kjfwl.mxjfu.ClsDpgsc.metVbylkh(ClsDpgsc.java:831)
	at generated.wlp.gif.gxbmz.zmiuc.uqt.ClsDvzbpvq.metZfaol(ClsDvzbpvq.java:673)
	at generated.kyiv.apfuu.avfnu.ClsZhzpwf.metPnegyy(ClsZhzpwf.java:676)
	at generated.hzvmv.vle.maoak.lcapx.buvf.ClsLmynm.metDazuh(ClsLmynm.java:260)
	at generated.kmea.jjk.gem.ClsHjpup.metFwpufs(ClsHjpup.java:183)
	at generated.sdwm.nph.lvgs.ClsWvcorc.metImyxle(ClsWvcorc.java:3436)
	at generated.xhebp.zxbbo.ody.ClsQiisev.metVgqwxd(ClsQiisev.java:2553)
	at generated.vtid.nzfxi.ljrl.osvzu.qwkxm.ClsPjdnutx.metZukgqa(ClsPjdnutx.java:161)
	at generated.yzkg.yvns.vvz.ClsQyfcep.metApuilf(ClsQyfcep.java:1300)
	at generated.kpkck.sqv.lpxvw.lgwmr.ClsLihffx.metIyvxm(ClsLihffx.java:1607)
	at generated.ofb.yziz.xhwq.yevxb.ClsAzztjkl.metErdzp(ClsAzztjkl.java:1129)
	at generated.ekk.tii.ClsDndib.metZrstjgz(ClsDndib.java:1819)
	at generated.xtv.djv.ClsLdxnuv.metPtqilbj(ClsLdxnuv.java:47)
	at generated.umwc.wnh.ClsVhapoq.metIiwytg(ClsVhapoq.java:616)
	at generated.qshcy.hjqlk.ezp.qulq.soqkq.ClsHnmjqa.metHsdzbgw(ClsHnmjqa.java:50)
	at generated.wdek.iqd.mgdor.ClsJlepk.metAszdt(ClsJlepk.java:134)
	at generated.jvbs.akema.ogpeo.qsdj.ClsLwipae.metRyshpwk(ClsLwipae.java:1622)
	at generated.hmd.gvnbl.kpcws.gqp.ClsVuvzf.metPkosjn(ClsVuvzf.java:935)
	at generated.xlj.bpi.aoknv.mxx.sxi.ClsLfrnam.metQytdxy(ClsLfrnam.java:3483)
	at generated.uckml.yhsk.ClsVerpaiu.metRvnmun(ClsVerpaiu.java:812)
	at generated.hae.zmo.rozri.buf.vha.ClsDzmfwf.metGjvloq(ClsDzmfwf.java:1901)
	at generated.morpr.vqmt.ClsPxfwft.metSgpau(ClsPxfwft.java:1722)
	at generated.qsr.ebam.izo.tpe.irmg.ClsNuctl.metAvwwx(ClsNuctl.java:70)
	at generated.xlj.bpi.aoknv.mxx.sxi.ClsLfrnam.metHxpfbk(ClsLfrnam.java:268)
	at generated.eoae.glmkg.hdl.ClsHoxpv.metSeyoz(ClsHoxpv.java:130)
	at generated.ich.kqupe.ClsWjflsf.metJamlrgk(ClsWjflsf.java:1063)
	at generated.vayr.iujaj.oevac.rfff.pmn.ClsLfjiooe.metIbzbior(ClsLfjiooe.java:1516)
	at generated.mpt.ysx.ClsXjxom.metTmplkhn(ClsXjxom.java:257)
	at generated.ztald.mcjsf.wybo.ClsRftuz.metXzznscw(ClsRftuz.java:2522)
	at generated.Switcher.call3(Switcher.java:3162)
	at generated.Switcher.call(Switcher.java:39)
	at generated.Switcher.call(Switcher.java:10)
	at helpers.Main.main(Main.java:22)
java.lang.IllegalStateException: Time for exception, context is counter = 101
	at generated.jcd.uyx.fupmd.bkgo.ClsZnpfc.metVxcexs(ClsZnpfc.java:1617)
	at generated.hku.qey.kqoel.cfj.rat.ClsSktoqcx.metRhxiptd(ClsSktoqcx.java:326)
	at generated.apg.hylr.ClsCfitujx.metEdpov(ClsCfitujx.java:3279)
	at generated.exyc.jaoxo.undca.uhc.axzcq.ClsKlftij.metHvsoe(ClsKlftij.java:102)
	at generated.rnmzu.jww.drzc.eftro.ClsYmatlx.metEsphz(ClsYmatlx.java:100)
	at generated.ocbjj.pcq.ClsSidzty.metIqswkp(ClsSidzty.java:404)
	at generated.xoso.ofx.nelbk.swt.cdffd.ClsJtwimen.metVgkjabm(ClsJtwimen.java:1460)
	at generated.zlrv.khtx.ClsAoqyabw.metMprreh(ClsAoqyabw.java:42)
	at generated.btwjz.agwbt.dhtzs.rskl.ClsLfnygen.metJmbghe(ClsLfnygen.java:333)
	at generated.obfp.spt.ClsCkzifzi.metVboieh(ClsCkzifzi.java:1100)
